Command line:
   uart_isim_beh.exe
     -simmode  gui
     -simrunnum  0
     -socket  58907

Tue Oct 28 01:09:37 2014


 Elaboration Time: 0.0625 sec

 Current Memory Usage: 528.155 Meg

 Total Signals          : 1087
 Total Nets             : 3916
 Total Signal Drivers   : 243
 Total Blocks           : 20
 Total Primitive Blocks : 8
 Total Processes        : 358
 Total Traceable Variables  : 1092
 Total Scalar Nets and Variables : 31514
Total Line Count : 1095

 Total Simulation Time: 0.0625 sec

 Current Memory Usage: 528.171 Meg

Tue Oct 28 01:09:40 2014

