INFO:sim:172 - Generating IP...
Applying current project options...
Finished applying current project options.
WARNING:sim - A core named 'dpr' already exists in the project. Output products
   for this core may be overwritten.
Resolving generics for 'dpr'...
WARNING:sim - A core named 'dpr' already exists in the project. Output products
   for this core may be overwritten.
Applying external generics to 'dpr'...
Delivering associated files for 'dpr'...
Delivering EJava files for 'dpr'...
Generating implementation netlist for 'dpr'...
INFO:sim - Pre-processing HDL files for 'dpr'...
Running synthesis for 'dpr'
Running ngcbuild...
Writing VEO instantiation template for 'dpr'...
Writing Verilog behavioral simulation model for 'dpr'...
WARNING:sim - Overwriting existing file
   C:/Users/James/Desktop/iDriveSync/IDrive-Sync/DSD
   LAB/lab7/ipcore_dir/tmp/_cg/dpr/doc/blk_mem_gen_v7_3_vinfo.html with file
   from view xilinx_documentation
Delivered 1 file into directory
C:/Users/James/Desktop/iDriveSync/IDrive-Sync/DSD
LAB/lab7/ipcore_dir/tmp/_cg/dpr
Generating ASY schematic symbol...
INFO:sim:949 - Finished generation of ASY schematic symbol.
Generating SYM schematic symbol for 'dpr'...
Generating metadata file...
Regenerating ISE project file for 'dpr'...
Generating ISE project...
XCO file found: dpr.xco
XMDF file found: dpr_xmdf.tcl
Adding C:/Users/James/Desktop/iDriveSync/IDrive-Sync/DSD
LAB/lab7/ipcore_dir/tmp/_cg/dpr.asy -view all -origin_type imported
Adding C:/Users/James/Desktop/iDriveSync/IDrive-Sync/DSD
LAB/lab7/ipcore_dir/tmp/_cg/dpr.ngc -view all -origin_type created
Checking file "C:/Users/James/Desktop/iDriveSync/IDrive-Sync/DSD
LAB/lab7/ipcore_dir/tmp/_cg/dpr.ngc" for project device match ...
File "C:/Users/James/Desktop/iDriveSync/IDrive-Sync/DSD
LAB/lab7/ipcore_dir/tmp/_cg/dpr.ngc" device information matches project device.
Adding C:/Users/James/Desktop/iDriveSync/IDrive-Sync/DSD
LAB/lab7/ipcore_dir/tmp/_cg/dpr.sym -view all -origin_type imported
Adding C:/Users/James/Desktop/iDriveSync/IDrive-Sync/DSD
LAB/lab7/ipcore_dir/tmp/_cg/dpr.v -view all -origin_type created
INFO:HDLCompiler:1845 - Analyzing Verilog file
   "C:/Users/James/Desktop/iDriveSync/IDrive-Sync/DSD
   LAB/lab7/ipcore_dir/tmp/_cg/dpr.v" into library work
INFO:ProjectMgmt - Parsing design hierarchy completed successfully.
Adding C:/Users/James/Desktop/iDriveSync/IDrive-Sync/DSD
LAB/lab7/ipcore_dir/tmp/_cg/dpr.veo -view all -origin_type imported
INFO:TclTasksC:2116 - The automatic calculation of top has been turned-off.
   Please set the new top explicitly by running the "project set top" command.
   To re-calculate the new top automatically, set the "Auto Implementation Top"
   property to true.
Top level has been set to "/dpr"
Generating README file...
Generating FLIST file...
INFO:sim:948 - Finished FLIST file generation.
Launching README viewer...
Moving files to output directory...
Finished moving files to output directory
Wrote CGP file for project 'dpr'.
