Command line:
   tb_spi_bonus_isim_beh.exe
     -simmode  gui
     -simrunnum  0
     -socket  50120

Fri Nov 28 14:20:59 2014


 Elaboration Time: 0.03125 sec

 Current Memory Usage: 528.159 Meg

 Total Signals          : 1081
 Total Nets             : 3860
 Total Signal Drivers   : 248
 Total Blocks           : 23
 Total Primitive Blocks : 11
 Total Processes        : 363
 Total Traceable Variables  : 1100
 Total Scalar Nets and Variables : 64896
Total Line Count : 1202

 Total Simulation Time: 0.46875 sec

 Current Memory Usage: 528.175 Meg

Fri Nov 28 14:21:07 2014

