Command line:
   tb_uart_rx_isim_beh.exe
     -simmode  gui
     -simrunnum  0
     -socket  59668

Tue Oct 28 08:26:18 2014


 Elaboration Time: 0.0468 sec

 Current Memory Usage: 833.499 Meg

 Total Signals          : 1110
 Total Nets             : 3905
 Total Signal Drivers   : 258
 Total Blocks           : 31
 Total Primitive Blocks : 17
 Total Processes        : 384
 Total Traceable Variables  : 1141
 Total Scalar Nets and Variables : 65233
Total Line Count : 1428

 Total Simulation Time: 2.35562 sec

 Current Memory Usage: 833.499 Meg

Tue Oct 28 08:26:27 2014

