Command line:
   tb_lab4dpath_isim_beh.exe
     -simmode  gui
     -simrunnum  0
     -socket  56433

Mon Sep 15 15:56:10 2014


 Elaboration Time: 0.03125 sec

 Current Memory Usage: 528.065 Meg

 Total Signals          : 575
 Total Nets             : 1233
 Total Signal Drivers   : 311
 Total Blocks           : 89
 Total Primitive Blocks : 84
 Total Processes        : 563
 Total Traceable Variables  : 222
 Total Scalar Nets and Variables : 36514
Total Line Count : 888

 Total Simulation Time: 0.046875 sec

 Current Memory Usage: 528.065 Meg

Mon Sep 15 15:56:15 2014

