Command line:
   tb_uart_isim_beh.exe
     -simmode  gui
     -simrunnum  0
     -socket  60189

Tue Oct 28 09:27:02 2014


 Elaboration Time: 0.0468 sec

 Current Memory Usage: 833.483 Meg

 Total Signals          : 1106
 Total Nets             : 3918
 Total Signal Drivers   : 262
 Total Blocks           : 24
 Total Primitive Blocks : 10
 Total Processes        : 390
 Total Traceable Variables  : 1140
 Total Scalar Nets and Variables : 65191
Total Line Count : 1274

 Total Simulation Time: 2.24641 sec

 Current Memory Usage: 676.196 Meg

Tue Oct 28 09:41:23 2014

