#:C19    
#Xilinx FPGA Editor Command Log File
#Editor Version:
#:V   NT M2.1 P.68d
#Current Working Directory:
#:D   C:\Users\James\Desktop\iDriveSync\IDrive-Sync\DSD LAB\Lab3_part1
#Date/Time:
#:T   Sun Sep 07 13:47:46 2014
#------------------------------
	#Reading lab3dpath.ncd...
	#Loading device for application Rf_Device from file '7a100t.nph' in environment C:\Xilinx\14.6\ISE_DS\ISE\.
	#   "lab3dpath" is an NCD, version 3.2, device xc7a100t, package csg324, speed -3
	#Design creation date: 2014.09.01.01.35.02
	#Building chip graphics...
	#Loading speed info...
	#1
setattr main edit-mode no-logic-changes
	#2
unselect -all
	#3
setattr main disable_draw on
	#4
setattr layer hard_macros view on
	#5
setattr main disable_draw off
	#Hint: change the visibility of more than one layer at a time by clicking on the apply button, clicking two or more layer buttons, and then clicking on the apply button again.
	#6
setattr main disable_draw on
	#7
setattr layer hard_macros view off
	#8
setattr main disable_draw off
	#9
unselect -all
	#10
select net 'i2/blk00000001/sig00000104'
	#net "i2/blk00000001/sig00000104"
	#11
unselect -all
	#12
select pin 'SLICE_X31Y154.B4'
	#site.pin = SLICE_X31Y154.B4
	#13
post block
	#ERROR:FPGAEditor:79 - The "post block" command without any other arguments cannot
	#be performed unless the selection contains only a single site
	#or single component.  Change the selection and try again.
	#14
unselect -all
	#15
unselect -all
	#16
unselect -all
	#17
unselect -all
	#18
unselect -all
	#19
select site 'SLICE_X30Y155'
	#site "SLICE_X30Y155",  type = SLICEM  (RPM grid X85Y310)
	#20
unselect -all
	#21
select site 'SLICE_X30Y155'
	#site "SLICE_X30Y155",  type = SLICEM  (RPM grid X85Y310)
	#22
post block
	#ERROR:FPGAEditor:196 - Component "i2/blk00000001/sig00000112" is protected.
	#23
unselect -all
	#24
select site 'SLICE_X31Y155'
	#site "SLICE_X31Y155",  type = SLICEL  (RPM grid X87Y310)
	#25
post block
