--------------------------------------------------------------------------------
Release 14.6 Trace  (nt64)
Copyright (c) 1995-2013 Xilinx, Inc.  All rights reserved.

C:\Xilinx\14.6\ISE_DS\ISE\bin\nt64\unwrapped\trce.exe -intstyle ise -v 3 -s 5
-n 3 -fastpaths -xml lab3dpath.twx lab3dpath.ncd -o lab3dpath.twr lab3dpath.pcf

Design file:              lab3dpath.ncd
Physical constraint file: lab3dpath.pcf
Device,package,speed:     xc3s100e,cp132,-5 (PRODUCTION 1.27 2013-06-08)
Report level:             verbose report

Environment Variable      Effect 
--------------------      ------ 
NONE                      No environment variables were set
--------------------------------------------------------------------------------

INFO:Timing:2698 - No timing constraints found, doing default enumeration.
INFO:Timing:3412 - To improve timing, see the Timing Closure User Guide (UG612).
INFO:Timing:2752 - To get complete path coverage, use the unconstrained paths 
   option. All paths that are not constrained will be reported in the 
   unconstrained paths section(s) of the report.
INFO:Timing:3339 - The clock-to-out numbers in this timing report are based on 
   a 50 Ohm transmission line loading model.  For the details of this model, 
   and for more information on accounting for different loading conditions, 
   please see the device datasheet.
INFO:Timing:3390 - This architecture does not support a default System Jitter 
   value, please add SYSTEM_JITTER constraint to the UCF to modify the Clock 
   Uncertainty calculation.
INFO:Timing:3389 - This architecture does not support 'Discrete Jitter' and 
   'Phase Error' calculations, these terms will be zero in the Clock 
   Uncertainty calculation.  Please make appropriate modification to 
   SYSTEM_JITTER to account for the unsupported Discrete Jitter and Phase 
   Error.



Data Sheet report:
-----------------
All values displayed in nanoseconds (ns)

Pad to Pad
---------------+---------------+---------+
Source Pad     |Destination Pad|  Delay  |
---------------+---------------+---------+
x1<0>          |y<0>           |   18.447|
x1<0>          |y<1>           |   18.179|
x1<0>          |y<2>           |   18.296|
x1<0>          |y<3>           |   18.361|
x1<0>          |y<4>           |   18.597|
x1<0>          |y<5>           |   18.397|
x1<0>          |y<6>           |   18.383|
x1<0>          |y<7>           |   19.095|
x1<0>          |y<8>           |   18.334|
x1<0>          |y<9>           |   18.731|
x1<1>          |y<0>           |   18.937|
x1<1>          |y<1>           |   18.669|
x1<1>          |y<2>           |   18.786|
x1<1>          |y<3>           |   18.851|
x1<1>          |y<4>           |   19.164|
x1<1>          |y<5>           |   18.969|
x1<1>          |y<6>           |   18.955|
x1<1>          |y<7>           |   19.667|
x1<1>          |y<8>           |   18.906|
x1<1>          |y<9>           |   19.303|
x1<2>          |y<0>           |   17.837|
x1<2>          |y<1>           |   17.569|
x1<2>          |y<2>           |   17.686|
x1<2>          |y<3>           |   17.751|
x1<2>          |y<4>           |   18.079|
x1<2>          |y<5>           |   17.884|
x1<2>          |y<6>           |   17.870|
x1<2>          |y<7>           |   18.582|
x1<2>          |y<8>           |   17.821|
x1<2>          |y<9>           |   18.218|
x1<3>          |y<0>           |   17.786|
x1<3>          |y<1>           |   17.518|
x1<3>          |y<2>           |   17.635|
x1<3>          |y<3>           |   17.700|
x1<3>          |y<4>           |   18.065|
x1<3>          |y<5>           |   17.870|
x1<3>          |y<6>           |   17.856|
x1<3>          |y<7>           |   18.568|
x1<3>          |y<8>           |   17.807|
x1<3>          |y<9>           |   18.204|
x1<4>          |y<0>           |   17.078|
x1<4>          |y<1>           |   16.810|
x1<4>          |y<2>           |   16.927|
x1<4>          |y<3>           |   16.992|
x1<4>          |y<4>           |   17.528|
x1<4>          |y<5>           |   17.333|
x1<4>          |y<6>           |   17.319|
x1<4>          |y<7>           |   18.031|
x1<4>          |y<8>           |   17.270|
x1<4>          |y<9>           |   17.667|
x1<5>          |y<0>           |   17.302|
x1<5>          |y<1>           |   17.034|
x1<5>          |y<2>           |   17.151|
x1<5>          |y<3>           |   17.283|
x1<5>          |y<4>           |   18.401|
x1<5>          |y<5>           |   18.206|
x1<5>          |y<6>           |   18.192|
x1<5>          |y<7>           |   18.904|
x1<5>          |y<8>           |   18.143|
x1<5>          |y<9>           |   18.540|
x1<6>          |y<0>           |   15.066|
x1<6>          |y<1>           |   14.798|
x1<6>          |y<2>           |   14.915|
x1<6>          |y<3>           |   14.980|
x1<6>          |y<4>           |   15.476|
x1<6>          |y<5>           |   15.281|
x1<6>          |y<6>           |   15.267|
x1<6>          |y<7>           |   15.979|
x1<6>          |y<8>           |   15.218|
x1<6>          |y<9>           |   15.615|
x1<7>          |y<0>           |   15.886|
x1<7>          |y<1>           |   15.618|
x1<7>          |y<2>           |   15.735|
x1<7>          |y<3>           |   15.800|
x1<7>          |y<4>           |   16.296|
x1<7>          |y<5>           |   16.101|
x1<7>          |y<6>           |   16.087|
x1<7>          |y<7>           |   16.799|
x1<7>          |y<8>           |   16.038|
x1<7>          |y<9>           |   16.435|
x1<8>          |y<7>           |   11.683|
x1<8>          |y<8>           |   12.323|
x1<8>          |y<9>           |   13.172|
x1<9>          |y<8>           |   11.374|
x1<9>          |y<9>           |   12.780|
x2<0>          |y<0>           |   19.682|
x2<0>          |y<1>           |   19.420|
x2<0>          |y<2>           |   19.659|
x2<0>          |y<3>           |   19.724|
x2<0>          |y<4>           |   19.948|
x2<0>          |y<5>           |   19.602|
x2<0>          |y<6>           |   19.351|
x2<0>          |y<7>           |   20.063|
x2<0>          |y<8>           |   19.302|
x2<0>          |y<9>           |   19.699|
x2<1>          |y<0>           |   19.913|
x2<1>          |y<1>           |   19.651|
x2<1>          |y<2>           |   19.890|
x2<1>          |y<3>           |   19.955|
x2<1>          |y<4>           |   20.179|
x2<1>          |y<5>           |   19.833|
x2<1>          |y<6>           |   19.582|
x2<1>          |y<7>           |   20.294|
x2<1>          |y<8>           |   19.533|
x2<1>          |y<9>           |   19.930|
x2<2>          |y<0>           |   18.306|
x2<2>          |y<1>           |   18.044|
x2<2>          |y<2>           |   18.283|
x2<2>          |y<3>           |   18.348|
x2<2>          |y<4>           |   18.572|
x2<2>          |y<5>           |   18.226|
x2<2>          |y<6>           |   17.975|
x2<2>          |y<7>           |   18.687|
x2<2>          |y<8>           |   17.926|
x2<2>          |y<9>           |   18.323|
x2<3>          |y<0>           |   19.574|
x2<3>          |y<1>           |   19.312|
x2<3>          |y<2>           |   19.551|
x2<3>          |y<3>           |   19.616|
x2<3>          |y<4>           |   19.840|
x2<3>          |y<5>           |   19.494|
x2<3>          |y<6>           |   19.285|
x2<3>          |y<7>           |   19.997|
x2<3>          |y<8>           |   19.262|
x2<3>          |y<9>           |   19.753|
x2<4>          |y<0>           |   18.312|
x2<4>          |y<1>           |   18.050|
x2<4>          |y<2>           |   18.289|
x2<4>          |y<3>           |   18.354|
x2<4>          |y<4>           |   18.578|
x2<4>          |y<5>           |   18.232|
x2<4>          |y<6>           |   17.981|
x2<4>          |y<7>           |   18.693|
x2<4>          |y<8>           |   17.932|
x2<4>          |y<9>           |   18.329|
x2<5>          |y<0>           |   18.774|
x2<5>          |y<1>           |   18.512|
x2<5>          |y<2>           |   18.751|
x2<5>          |y<3>           |   18.816|
x2<5>          |y<4>           |   19.073|
x2<5>          |y<5>           |   18.727|
x2<5>          |y<6>           |   18.494|
x2<5>          |y<7>           |   19.206|
x2<5>          |y<8>           |   18.471|
x2<5>          |y<9>           |   18.868|
x2<6>          |y<0>           |   16.282|
x2<6>          |y<1>           |   16.171|
x2<6>          |y<2>           |   16.410|
x2<6>          |y<3>           |   16.594|
x2<6>          |y<4>           |   17.055|
x2<6>          |y<5>           |   16.709|
x2<6>          |y<6>           |   16.472|
x2<6>          |y<7>           |   17.184|
x2<6>          |y<8>           |   16.449|
x2<6>          |y<9>           |   16.846|
x2<7>          |y<0>           |   17.100|
x2<7>          |y<1>           |   16.989|
x2<7>          |y<2>           |   17.228|
x2<7>          |y<3>           |   17.412|
x2<7>          |y<4>           |   17.873|
x2<7>          |y<5>           |   17.527|
x2<7>          |y<6>           |   17.290|
x2<7>          |y<7>           |   18.002|
x2<7>          |y<8>           |   17.352|
x2<7>          |y<9>           |   17.900|
x2<8>          |y<5>           |   11.700|
x2<8>          |y<6>           |   13.493|
x2<8>          |y<7>           |   14.503|
x2<8>          |y<8>           |   14.498|
x2<8>          |y<9>           |   15.046|
x2<9>          |y<6>           |   13.026|
x2<9>          |y<7>           |   14.036|
x2<9>          |y<8>           |   14.031|
x2<9>          |y<9>           |   14.579|
x3<0>          |y<0>           |   18.388|
x3<0>          |y<1>           |   18.290|
x3<0>          |y<2>           |   18.529|
x3<0>          |y<3>           |   18.594|
x3<0>          |y<4>           |   18.818|
x3<0>          |y<5>           |   18.472|
x3<0>          |y<6>           |   18.289|
x3<0>          |y<7>           |   19.001|
x3<0>          |y<8>           |   18.323|
x3<0>          |y<9>           |   18.720|
x3<1>          |y<0>           |   19.413|
x3<1>          |y<1>           |   19.315|
x3<1>          |y<2>           |   19.554|
x3<1>          |y<3>           |   19.619|
x3<1>          |y<4>           |   19.843|
x3<1>          |y<5>           |   19.497|
x3<1>          |y<6>           |   19.321|
x3<1>          |y<7>           |   20.033|
x3<1>          |y<8>           |   19.355|
x3<1>          |y<9>           |   19.752|
x3<2>          |y<0>           |   18.066|
x3<2>          |y<1>           |   17.968|
x3<2>          |y<2>           |   18.207|
x3<2>          |y<3>           |   18.272|
x3<2>          |y<4>           |   18.706|
x3<2>          |y<5>           |   18.360|
x3<2>          |y<6>           |   18.291|
x3<2>          |y<7>           |   19.003|
x3<2>          |y<8>           |   18.345|
x3<2>          |y<9>           |   18.742|
x3<3>          |y<0>           |   17.883|
x3<3>          |y<1>           |   17.785|
x3<3>          |y<2>           |   18.024|
x3<3>          |y<3>           |   18.089|
x3<3>          |y<4>           |   18.523|
x3<3>          |y<5>           |   18.177|
x3<3>          |y<6>           |   18.108|
x3<3>          |y<7>           |   18.820|
x3<3>          |y<8>           |   18.162|
x3<3>          |y<9>           |   18.559|
x3<4>          |y<0>           |   17.187|
x3<4>          |y<1>           |   17.089|
x3<4>          |y<2>           |   17.328|
x3<4>          |y<3>           |   17.393|
x3<4>          |y<4>           |   17.775|
x3<4>          |y<5>           |   17.429|
x3<4>          |y<6>           |   17.360|
x3<4>          |y<7>           |   18.072|
x3<4>          |y<8>           |   17.494|
x3<4>          |y<9>           |   17.891|
x3<5>          |y<0>           |   17.425|
x3<5>          |y<1>           |   17.431|
x3<5>          |y<2>           |   17.670|
x3<5>          |y<3>           |   17.735|
x3<5>          |y<4>           |   18.195|
x3<5>          |y<5>           |   17.849|
x3<5>          |y<6>           |   17.803|
x3<5>          |y<7>           |   18.656|
x3<5>          |y<8>           |   18.151|
x3<5>          |y<9>           |   18.548|
x3<6>          |y<0>           |   15.304|
x3<6>          |y<1>           |   15.206|
x3<6>          |y<2>           |   15.445|
x3<6>          |y<3>           |   15.510|
x3<6>          |y<4>           |   15.815|
x3<6>          |y<5>           |   15.469|
x3<6>          |y<6>           |   15.400|
x3<6>          |y<7>           |   16.112|
x3<6>          |y<8>           |   15.351|
x3<6>          |y<9>           |   15.748|
x3<7>          |y<0>           |   15.450|
x3<7>          |y<1>           |   15.506|
x3<7>          |y<2>           |   15.745|
x3<7>          |y<3>           |   15.810|
x3<7>          |y<4>           |   16.270|
x3<7>          |y<5>           |   15.924|
x3<7>          |y<6>           |   15.989|
x3<7>          |y<7>           |   16.701|
x3<7>          |y<8>           |   15.990|
x3<7>          |y<9>           |   16.387|
x3<8>          |y<7>           |   11.906|
x3<8>          |y<8>           |   12.633|
x3<8>          |y<9>           |   13.293|
x3<9>          |y<8>           |   12.406|
x3<9>          |y<9>           |   13.631|
---------------+---------------+---------+


Analysis completed Mon Sep 08 14:37:25 2014 
--------------------------------------------------------------------------------

Trace Settings:
-------------------------
Trace Settings 

Peak Memory Usage: 151 MB



