Running: C:\Xilinx\14.6\ISE_DS\ISE\bin\nt64\unwrapped\fuse.exe -intstyle ise -incremental -lib unisims_ver -lib unimacro_ver -lib xilinxcorelib_ver -o C:/Users/James/Desktop/iDriveSync/IDrive-Sync/DSD LAB/lab2_part2/tb_satadd_isim_beh.exe -prj C:/Users/James/Desktop/iDriveSync/IDrive-Sync/DSD LAB/lab2_part2/tb_satadd_beh.prj work.tb_satadd work.glbl 
ISim P.68d (signature 0x7708f090)
Number of CPUs detected in this system: 4
Turning on mult-threading, number of parallel sub-compilation jobs: 8 
Determining compilation order of HDL files
Analyzing Verilog file "C:/Users/James/Desktop/iDriveSync/IDrive-Sync/DSD LAB/lab2_part2/ipcore_dir/add13bit.v" into library work
Analyzing Verilog file "C:/Users/James/Desktop/iDriveSync/IDrive-Sync/DSD LAB/lab2_part2/satadd.v" into library work
Analyzing Verilog file "C:/Users/James/Desktop/iDriveSync/IDrive-Sync/DSD LAB/lab2_part2/tb_satadd.v" into library work
Analyzing Verilog file "C:/Xilinx/14.6/ISE_DS/ISE//verilog/src/glbl.v" into library work
WARNING:HDLCompiler:687 - "C:/Xilinx/14.6/ISE_DS/ISE//verilog/src/glbl.v" Line 5: Illegal redeclaration of module <glbl>.
Starting static elaboration
Completed static elaboration
Compiling module LUT2(INIT=4'b0110)
Compiling module MUXCY
Compiling module XORCY
Compiling module GND
Compiling module add13bit
Compiling module satadd
Compiling module tb_satadd
Compiling module glbl
Time Resolution for simulation is 1ps.
Waiting for 1 sub-compilation(s) to finish...
Compiled 8 Verilog Units
Built simulation executable C:/Users/James/Desktop/iDriveSync/IDrive-Sync/DSD LAB/lab2_part2/tb_satadd_isim_beh.exe
Fuse Memory Usage: 26432 KB
Fuse CPU Usage: 374 ms
