Release 14.6 - xst P.68d (nt64)
Copyright (c) 1995-2013 Xilinx, Inc.  All rights reserved.
--> Parameter TMPDIR set to xst/projnav.tmp


Total REAL time to Xst completion: 0.00 secs
Total CPU time to Xst completion: 0.08 secs
 
--> Parameter xsthdpdir set to xst


Total REAL time to Xst completion: 0.00 secs
Total CPU time to Xst completion: 0.08 secs
 
--> Reading design: satadd.prj

TABLE OF CONTENTS
  1) Synthesis Options Summary
  2) HDL Compilation
  3) Design Hierarchy Analysis
  4) HDL Analysis
  5) HDL Synthesis
     5.1) HDL Synthesis Report
  6) Advanced HDL Synthesis
     6.1) Advanced HDL Synthesis Report
  7) Low Level Synthesis
  8) Partition Report
  9) Final Report
	9.1) Device utilization summary
	9.2) Partition Resource Summary
	9.3) TIMING REPORT


=========================================================================
*                      Synthesis Options Summary                        *
=========================================================================
---- Source Parameters
Input File Name                    : "satadd.prj"
Input Format                       : mixed
Ignore Synthesis Constraint File   : NO

---- Target Parameters
Output File Name                   : "satadd"
Output Format                      : NGC
Target Device                      : xc3s50-5-cp132

---- Source Options
Top Module Name                    : satadd
Automatic FSM Extraction           : YES
FSM Encoding Algorithm             : Auto
Safe Implementation                : No
FSM Style                          : LUT
RAM Extraction                     : Yes
RAM Style                          : Auto
ROM Extraction                     : Yes
Mux Style                          : Auto
Decoder Extraction                 : YES
Priority Encoder Extraction        : Yes
Shift Register Extraction          : YES
Logical Shifter Extraction         : YES
XOR Collapsing                     : YES
ROM Style                          : Auto
Mux Extraction                     : Yes
Resource Sharing                   : YES
Asynchronous To Synchronous        : NO
Multiplier Style                   : Auto
Automatic Register Balancing       : No

---- Target Options
Add IO Buffers                     : YES
Global Maximum Fanout              : 100000
Add Generic Clock Buffer(BUFG)     : 8
Register Duplication               : YES
Slice Packing                      : YES
Optimize Instantiated Primitives   : NO
Use Clock Enable                   : Yes
Use Synchronous Set                : Yes
Use Synchronous Reset              : Yes
Pack IO Registers into IOBs        : Auto
Equivalent register Removal        : YES

---- General Options
Optimization Goal                  : Speed
Optimization Effort                : 1
Keep Hierarchy                     : No
Netlist Hierarchy                  : As_Optimized
RTL Output                         : Yes
Global Optimization                : AllClockNets
Read Cores                         : YES
Write Timing Constraints           : NO
Cross Clock Analysis               : NO
Hierarchy Separator                : /
Bus Delimiter                      : <>
Case Specifier                     : Maintain
Slice Utilization Ratio            : 100
BRAM Utilization Ratio             : 100
Verilog 2001                       : YES
Auto BRAM Packing                  : NO
Slice Utilization Ratio Delta      : 5

---- Other Options
Cores Search Directories           : {"ipcore_dir"  }

=========================================================================


=========================================================================
*                          HDL Compilation                              *
=========================================================================
Compiling verilog file "ipcore_dir/add13bit.v" in library work
Compiling verilog file "satadd.v" in library work
Module <add13bit> compiled
Module <satadd> compiled
No errors in compilation
Analysis of file <"satadd.prj"> succeeded.
 

=========================================================================
*                     Design Hierarchy Analysis                         *
=========================================================================
Analyzing hierarchy for module <satadd> in library <work>.


=========================================================================
*                            HDL Analysis                               *
=========================================================================
Analyzing top module <satadd>.
WARNING:Xst:2211 - "ipcore_dir/add13bit.v" line 11: Instantiating black box module <add13bit>.
Module <satadd> is correct for synthesis.
 
    Set user-defined property "SYN_BLACK_BOX =  1" for instance <u1> in unit <satadd>.
    Set user-defined property "SYN_NOPRUNE =  1" for instance <u1> in unit <satadd>.
    Set property "SYN_NOPRUNE = 1" for unit <add13bit>.

=========================================================================
*                           HDL Synthesis                               *
=========================================================================

Performing bidirectional port resolution...

Synthesizing Unit <satadd>.
    Related source file is "satadd.v".
    Found 12-bit 4-to-1 multiplexer for signal <result>.
    Summary:
	inferred  12 Multiplexer(s).
Unit <satadd> synthesized.


=========================================================================
HDL Synthesis Report

Macro Statistics
# Multiplexers                                         : 1
 12-bit 4-to-1 multiplexer                             : 1

=========================================================================

=========================================================================
*                       Advanced HDL Synthesis                          *
=========================================================================

Reading core <ipcore_dir/add13bit.ngc>.
Reading Secure Unit <blk00000001>.
Loading core <add13bit> for timing and area information for instance <u1>.

=========================================================================
Advanced HDL Synthesis Report

Macro Statistics
# Multiplexers                                         : 1
 12-bit 4-to-1 multiplexer                             : 1

=========================================================================

=========================================================================
*                         Low Level Synthesis                           *
=========================================================================

Optimizing unit <satadd> ...

Mapping all equations...
Building and optimizing final netlist ...
Found area constraint ratio of 100 (+ 5) on block satadd, actual ratio is 2.

Final Macro Processing ...

=========================================================================
Final Register Report

Found no macro
=========================================================================

=========================================================================
*                           Partition Report                            *
=========================================================================

Partition Implementation Status
-------------------------------

  No Partitions were found in this design.

-------------------------------

=========================================================================
*                            Final Report                               *
=========================================================================
Final Results
RTL Top Level Output File Name     : satadd.ngr
Top Level Output File Name         : satadd
Output Format                      : NGC
Optimization Goal                  : Speed
Keep Hierarchy                     : No

Design Statistics
# IOs                              : 38

Cell Usage :
# BELS                             : 21
#      GND                         : 1
#      LUT2                        : 1
#      LUT3                        : 12
#      LUT4                        : 3
#      MUXF5                       : 3
#      VCC                         : 1
# IO Buffers                       : 38
#      IBUF                        : 26
#      OBUF                        : 12
=========================================================================

Device utilization summary:
---------------------------

Selected Device : 3s50cp132-5 

 Number of Slices:                        8  out of    768     1%  
 Number of 4 input LUTs:                 16  out of   1536     1%  
 Number of IOs:                          38
 Number of bonded IOBs:                  38  out of     89    42%  

---------------------------
Partition Resource Summary:
---------------------------

  No Partitions were found in this design.

---------------------------


=========================================================================
TIMING REPORT

NOTE: THESE TIMING NUMBERS ARE ONLY A SYNTHESIS ESTIMATE.
      FOR ACCURATE TIMING INFORMATION PLEASE REFER TO THE TRACE REPORT
      GENERATED AFTER PLACE-and-ROUTE.

Clock Information:
------------------
No clock signals found in this design

Asynchronous Control Signals Information:
----------------------------------------
No asynchronous control signals found in this design

Timing Summary:
---------------
Speed Grade: -5

   Minimum period: No path found
   Minimum input arrival time before clock: No path found
   Maximum output required time after clock: No path found
   Maximum combinational path delay: 12.935ns

Timing Detail:
--------------
All values displayed in nanoseconds (ns)

=========================================================================
Timing constraint: Default path analysis
  Total number of paths / destination ports: 1563 / 12
-------------------------------------------------------------------------
Delay:               12.935ns (Levels of Logic = 21)
  Source:            b<0> (PAD)
  Destination:       y<10> (PAD)

  Data Path: b<0> to y<10>
                                Gate     Net
    Cell:in->out      fanout   Delay   Delay  Logical Name (Net Name)
    ----------------------------------------  ------------
     IBUF:I->O             1   0.715   0.976  b_0_IBUF (b_0_IBUF)
     begin scope: 'u1'
     begin scope: 'blk00000001'
     SEC:in->out           1   0.479   0.000  sec_inst (sec_net)
     SEC:in->out           1   0.435   0.000  sec_inst (sec_net)
     SEC:in->out           1   0.056   0.000  sec_inst (sec_net)
     SEC:in->out           1   0.056   0.000  sec_inst (sec_net)
     SEC:in->out           1   0.056   0.000  sec_inst (sec_net)
     SEC:in->out           1   0.056   0.000  sec_inst (sec_net)
     SEC:in->out           1   0.056   0.000  sec_inst (sec_net)
     SEC:in->out           1   0.056   0.000  sec_inst (sec_net)
     SEC:in->out           1   0.056   0.000  sec_inst (sec_net)
     SEC:in->out           1   0.056   0.000  sec_inst (sec_net)
     SEC:in->out           1   0.056   0.000  sec_inst (sec_net)
     SEC:in->out           1   0.056   0.000  sec_inst (sec_net)
     SEC:in->out           0   0.056   0.000  sec_inst (sec_net)
     SEC:in->out           2   0.786   1.040  sec_inst (sec_net)
     end scope: 'blk00000001'
     end scope: 'u1'
     LUT2:I0->O            1   0.479   0.000  Mmux_result1022 (Mmux_result1021)
     MUXF5:I0->O          11   0.314   1.031  Mmux_result102_f5 (N11)
     LUT3:I2->O            1   0.479   0.681  Mmux_result81 (y_1_OBUF)
     OBUF:I->O                 4.909          y_1_OBUF (y<1>)
    ----------------------------------------
    Total                     12.935ns (9.207ns logic, 3.729ns route)
                                       (71.2% logic, 28.8% route)

=========================================================================
WARNING:Xst:616 - Invalid property "SYN_BLACK_BOX 1": Did not attach to u1.
WARNING:Xst:616 - Invalid property "SYN_NOPRUNE 1": Did not attach to u1.


Total REAL time to Xst completion: 4.00 secs
Total CPU time to Xst completion: 4.70 secs
 
--> 

Total memory usage is 248472 kilobytes

Number of errors   :    0 (   0 filtered)
Number of warnings :    3 (   0 filtered)
Number of infos    :    0 (   0 filtered)

