--------------------------------------------------------------------------------
Release 14.6 Trace  (nt64)
Copyright (c) 1995-2013 Xilinx, Inc.  All rights reserved.

C:\Xilinx\14.6\ISE_DS\ISE\bin\nt64\unwrapped\trce.exe -intstyle ise -v 3 -s 5
-n 3 -fastpaths -xml satadd.twx satadd.ncd -o satadd.twr satadd.pcf

Design file:              satadd.ncd
Physical constraint file: satadd.pcf
Device,package,speed:     xc3s50,cp132,-5 (PRODUCTION 1.39 2013-06-08)
Report level:             verbose report

Environment Variable      Effect 
--------------------      ------ 
NONE                      No environment variables were set
--------------------------------------------------------------------------------

INFO:Timing:2698 - No timing constraints found, doing default enumeration.
INFO:Timing:3412 - To improve timing, see the Timing Closure User Guide (UG612).
INFO:Timing:2752 - To get complete path coverage, use the unconstrained paths 
   option. All paths that are not constrained will be reported in the 
   unconstrained paths section(s) of the report.
INFO:Timing:3339 - The clock-to-out numbers in this timing report are based on 
   a 50 Ohm transmission line loading model.  For the details of this model, 
   and for more information on accounting for different loading conditions, 
   please see the device datasheet.
INFO:Timing:3390 - This architecture does not support a default System Jitter 
   value, please add SYSTEM_JITTER constraint to the UCF to modify the Clock 
   Uncertainty calculation.
INFO:Timing:3389 - This architecture does not support 'Discrete Jitter' and 
   'Phase Error' calculations, these terms will be zero in the Clock 
   Uncertainty calculation.  Please make appropriate modification to 
   SYSTEM_JITTER to account for the unsupported Discrete Jitter and Phase 
   Error.



Data Sheet report:
-----------------
All values displayed in nanoseconds (ns)

Pad to Pad
---------------+---------------+---------+
Source Pad     |Destination Pad|  Delay  |
---------------+---------------+---------+
a<0>           |y<0>           |   13.823|
a<0>           |y<1>           |   13.456|
a<0>           |y<2>           |   12.946|
a<0>           |y<3>           |   12.446|
a<0>           |y<4>           |   13.359|
a<0>           |y<5>           |   14.110|
a<0>           |y<6>           |   14.160|
a<0>           |y<7>           |   13.212|
a<0>           |y<8>           |   14.332|
a<0>           |y<9>           |   13.536|
a<0>           |y<10>          |   13.753|
a<0>           |y<11>          |   11.418|
a<1>           |y<0>           |   13.701|
a<1>           |y<1>           |   13.334|
a<1>           |y<2>           |   12.824|
a<1>           |y<3>           |   12.324|
a<1>           |y<4>           |   13.237|
a<1>           |y<5>           |   13.988|
a<1>           |y<6>           |   14.038|
a<1>           |y<7>           |   13.090|
a<1>           |y<8>           |   14.210|
a<1>           |y<9>           |   13.414|
a<1>           |y<10>          |   13.631|
a<1>           |y<11>          |   11.296|
a<2>           |y<0>           |   13.453|
a<2>           |y<1>           |   13.086|
a<2>           |y<2>           |   12.576|
a<2>           |y<3>           |   12.076|
a<2>           |y<4>           |   12.989|
a<2>           |y<5>           |   13.740|
a<2>           |y<6>           |   13.790|
a<2>           |y<7>           |   12.842|
a<2>           |y<8>           |   13.962|
a<2>           |y<9>           |   13.166|
a<2>           |y<10>          |   13.383|
a<2>           |y<11>          |   11.048|
a<3>           |y<0>           |   13.707|
a<3>           |y<1>           |   13.340|
a<3>           |y<2>           |   12.830|
a<3>           |y<3>           |   12.330|
a<3>           |y<4>           |   13.243|
a<3>           |y<5>           |   13.994|
a<3>           |y<6>           |   14.044|
a<3>           |y<7>           |   13.096|
a<3>           |y<8>           |   14.216|
a<3>           |y<9>           |   13.420|
a<3>           |y<10>          |   13.637|
a<3>           |y<11>          |   11.302|
a<4>           |y<0>           |   13.061|
a<4>           |y<1>           |   12.694|
a<4>           |y<2>           |   12.184|
a<4>           |y<3>           |   11.684|
a<4>           |y<4>           |   12.597|
a<4>           |y<5>           |   13.348|
a<4>           |y<6>           |   13.398|
a<4>           |y<7>           |   12.450|
a<4>           |y<8>           |   13.570|
a<4>           |y<9>           |   12.774|
a<4>           |y<10>          |   12.991|
a<4>           |y<11>          |   10.656|
a<5>           |y<0>           |   13.049|
a<5>           |y<1>           |   12.682|
a<5>           |y<2>           |   12.172|
a<5>           |y<3>           |   11.672|
a<5>           |y<4>           |   12.585|
a<5>           |y<5>           |   13.336|
a<5>           |y<6>           |   13.386|
a<5>           |y<7>           |   12.438|
a<5>           |y<8>           |   13.558|
a<5>           |y<9>           |   12.762|
a<5>           |y<10>          |   12.979|
a<5>           |y<11>          |   10.644|
a<6>           |y<0>           |   13.401|
a<6>           |y<1>           |   13.034|
a<6>           |y<2>           |   12.524|
a<6>           |y<3>           |   12.024|
a<6>           |y<4>           |   12.937|
a<6>           |y<5>           |   13.688|
a<6>           |y<6>           |   13.738|
a<6>           |y<7>           |   12.790|
a<6>           |y<8>           |   13.910|
a<6>           |y<9>           |   13.114|
a<6>           |y<10>          |   13.331|
a<6>           |y<11>          |   10.996|
a<7>           |y<0>           |   13.467|
a<7>           |y<1>           |   13.100|
a<7>           |y<2>           |   12.590|
a<7>           |y<3>           |   12.090|
a<7>           |y<4>           |   13.003|
a<7>           |y<5>           |   13.754|
a<7>           |y<6>           |   13.804|
a<7>           |y<7>           |   12.856|
a<7>           |y<8>           |   13.976|
a<7>           |y<9>           |   13.180|
a<7>           |y<10>          |   13.397|
a<7>           |y<11>          |   11.062|
a<8>           |y<0>           |   12.685|
a<8>           |y<1>           |   12.318|
a<8>           |y<2>           |   11.808|
a<8>           |y<3>           |   11.308|
a<8>           |y<4>           |   12.221|
a<8>           |y<5>           |   12.972|
a<8>           |y<6>           |   13.022|
a<8>           |y<7>           |   12.074|
a<8>           |y<8>           |   13.194|
a<8>           |y<9>           |   12.398|
a<8>           |y<10>          |   12.615|
a<8>           |y<11>          |   10.280|
a<9>           |y<0>           |   12.327|
a<9>           |y<1>           |   11.960|
a<9>           |y<2>           |   11.450|
a<9>           |y<3>           |   10.950|
a<9>           |y<4>           |   11.863|
a<9>           |y<5>           |   12.614|
a<9>           |y<6>           |   12.664|
a<9>           |y<7>           |   11.716|
a<9>           |y<8>           |   12.836|
a<9>           |y<9>           |   12.040|
a<9>           |y<10>          |   12.257|
a<9>           |y<11>          |    9.922|
a<10>          |y<0>           |   12.790|
a<10>          |y<1>           |   12.524|
a<10>          |y<2>           |   11.856|
a<10>          |y<3>           |   11.361|
a<10>          |y<4>           |   12.237|
a<10>          |y<5>           |   13.071|
a<10>          |y<6>           |   13.121|
a<10>          |y<7>           |   12.090|
a<10>          |y<8>           |   13.398|
a<10>          |y<9>           |   12.414|
a<10>          |y<10>          |   12.631|
a<10>          |y<11>          |   10.405|
a<11>          |y<0>           |   12.763|
a<11>          |y<1>           |   12.497|
a<11>          |y<2>           |   11.829|
a<11>          |y<3>           |   11.334|
a<11>          |y<4>           |   11.922|
a<11>          |y<5>           |   13.044|
a<11>          |y<6>           |   13.094|
a<11>          |y<7>           |   11.980|
a<11>          |y<8>           |   13.371|
a<11>          |y<9>           |   12.001|
a<11>          |y<10>          |   12.422|
a<11>          |y<11>          |   10.378|
b<0>           |y<0>           |   12.833|
b<0>           |y<1>           |   12.466|
b<0>           |y<2>           |   11.956|
b<0>           |y<3>           |   11.456|
b<0>           |y<4>           |   12.369|
b<0>           |y<5>           |   13.120|
b<0>           |y<6>           |   13.170|
b<0>           |y<7>           |   12.222|
b<0>           |y<8>           |   13.342|
b<0>           |y<9>           |   12.546|
b<0>           |y<10>          |   12.763|
b<0>           |y<11>          |   10.428|
b<1>           |y<0>           |   12.706|
b<1>           |y<1>           |   12.339|
b<1>           |y<2>           |   11.829|
b<1>           |y<3>           |   11.329|
b<1>           |y<4>           |   12.242|
b<1>           |y<5>           |   12.993|
b<1>           |y<6>           |   13.043|
b<1>           |y<7>           |   12.095|
b<1>           |y<8>           |   13.215|
b<1>           |y<9>           |   12.419|
b<1>           |y<10>          |   12.636|
b<1>           |y<11>          |   10.301|
b<2>           |y<0>           |   12.724|
b<2>           |y<1>           |   12.357|
b<2>           |y<2>           |   11.847|
b<2>           |y<3>           |   11.347|
b<2>           |y<4>           |   12.260|
b<2>           |y<5>           |   13.011|
b<2>           |y<6>           |   13.061|
b<2>           |y<7>           |   12.113|
b<2>           |y<8>           |   13.233|
b<2>           |y<9>           |   12.437|
b<2>           |y<10>          |   12.654|
b<2>           |y<11>          |   10.319|
b<3>           |y<0>           |   12.559|
b<3>           |y<1>           |   12.192|
b<3>           |y<2>           |   11.682|
b<3>           |y<3>           |   11.182|
b<3>           |y<4>           |   12.095|
b<3>           |y<5>           |   12.846|
b<3>           |y<6>           |   12.896|
b<3>           |y<7>           |   11.948|
b<3>           |y<8>           |   13.068|
b<3>           |y<9>           |   12.272|
b<3>           |y<10>          |   12.489|
b<3>           |y<11>          |   10.154|
b<4>           |y<0>           |   12.613|
b<4>           |y<1>           |   12.246|
b<4>           |y<2>           |   11.736|
b<4>           |y<3>           |   11.236|
b<4>           |y<4>           |   12.149|
b<4>           |y<5>           |   12.900|
b<4>           |y<6>           |   12.950|
b<4>           |y<7>           |   12.002|
b<4>           |y<8>           |   13.122|
b<4>           |y<9>           |   12.326|
b<4>           |y<10>          |   12.543|
b<4>           |y<11>          |   10.208|
b<5>           |y<0>           |   12.490|
b<5>           |y<1>           |   12.123|
b<5>           |y<2>           |   11.613|
b<5>           |y<3>           |   11.113|
b<5>           |y<4>           |   12.026|
b<5>           |y<5>           |   12.777|
b<5>           |y<6>           |   12.827|
b<5>           |y<7>           |   11.879|
b<5>           |y<8>           |   12.999|
b<5>           |y<9>           |   12.203|
b<5>           |y<10>          |   12.420|
b<5>           |y<11>          |   10.085|
b<6>           |y<0>           |   12.944|
b<6>           |y<1>           |   12.577|
b<6>           |y<2>           |   12.067|
b<6>           |y<3>           |   11.567|
b<6>           |y<4>           |   12.480|
b<6>           |y<5>           |   13.231|
b<6>           |y<6>           |   13.281|
b<6>           |y<7>           |   12.333|
b<6>           |y<8>           |   13.453|
b<6>           |y<9>           |   12.657|
b<6>           |y<10>          |   12.874|
b<6>           |y<11>          |   10.539|
b<7>           |y<0>           |   12.985|
b<7>           |y<1>           |   12.618|
b<7>           |y<2>           |   12.108|
b<7>           |y<3>           |   11.608|
b<7>           |y<4>           |   12.521|
b<7>           |y<5>           |   13.272|
b<7>           |y<6>           |   13.322|
b<7>           |y<7>           |   12.374|
b<7>           |y<8>           |   13.494|
b<7>           |y<9>           |   12.698|
b<7>           |y<10>          |   12.915|
b<7>           |y<11>          |   10.580|
b<8>           |y<0>           |   12.707|
b<8>           |y<1>           |   12.340|
b<8>           |y<2>           |   11.830|
b<8>           |y<3>           |   11.330|
b<8>           |y<4>           |   12.243|
b<8>           |y<5>           |   12.994|
b<8>           |y<6>           |   13.044|
b<8>           |y<7>           |   12.096|
b<8>           |y<8>           |   13.216|
b<8>           |y<9>           |   12.420|
b<8>           |y<10>          |   12.637|
b<8>           |y<11>          |   10.302|
b<9>           |y<0>           |   12.581|
b<9>           |y<1>           |   12.214|
b<9>           |y<2>           |   11.704|
b<9>           |y<3>           |   11.204|
b<9>           |y<4>           |   12.117|
b<9>           |y<5>           |   12.868|
b<9>           |y<6>           |   12.918|
b<9>           |y<7>           |   11.970|
b<9>           |y<8>           |   13.090|
b<9>           |y<9>           |   12.294|
b<9>           |y<10>          |   12.511|
b<9>           |y<11>          |   10.176|
b<10>          |y<0>           |   12.617|
b<10>          |y<1>           |   12.351|
b<10>          |y<2>           |   11.683|
b<10>          |y<3>           |   11.188|
b<10>          |y<4>           |   12.064|
b<10>          |y<5>           |   12.898|
b<10>          |y<6>           |   12.948|
b<10>          |y<7>           |   11.917|
b<10>          |y<8>           |   13.225|
b<10>          |y<9>           |   12.241|
b<10>          |y<10>          |   12.458|
b<10>          |y<11>          |   10.232|
b<11>          |y<0>           |   12.916|
b<11>          |y<1>           |   12.650|
b<11>          |y<2>           |   11.982|
b<11>          |y<3>           |   11.487|
b<11>          |y<4>           |   12.075|
b<11>          |y<5>           |   13.197|
b<11>          |y<6>           |   13.247|
b<11>          |y<7>           |   12.133|
b<11>          |y<8>           |   13.524|
b<11>          |y<9>           |   12.154|
b<11>          |y<10>          |   12.575|
b<11>          |y<11>          |   10.531|
mode<0>        |y<0>           |   10.075|
mode<0>        |y<1>           |    9.809|
mode<0>        |y<2>           |    9.141|
mode<0>        |y<3>           |    8.646|
mode<0>        |y<4>           |    9.445|
mode<0>        |y<5>           |   10.356|
mode<0>        |y<6>           |   10.406|
mode<0>        |y<7>           |    9.298|
mode<0>        |y<8>           |   10.683|
mode<0>        |y<9>           |    9.622|
mode<0>        |y<10>          |    9.839|
mode<0>        |y<11>          |    8.054|
mode<1>        |y<0>           |   10.510|
mode<1>        |y<1>           |   10.244|
mode<1>        |y<2>           |    9.576|
mode<1>        |y<3>           |    9.081|
mode<1>        |y<4>           |    9.669|
mode<1>        |y<5>           |   10.791|
mode<1>        |y<6>           |   10.841|
mode<1>        |y<7>           |    9.727|
mode<1>        |y<8>           |   11.118|
mode<1>        |y<9>           |    9.802|
mode<1>        |y<10>          |   10.169|
mode<1>        |y<11>          |    8.015|
---------------+---------------+---------+


Analysis completed Sun Aug 31 18:48:47 2014 
--------------------------------------------------------------------------------

Trace Settings:
-------------------------
Trace Settings 

Peak Memory Usage: 134 MB



