Command line:
   tb_uart_tx_isim_beh.exe
     -simmode  gui
     -simrunnum  0
     -socket  59937

Tue Oct 28 08:41:05 2014


 Elaboration Time: 0.046801 sec

 Current Memory Usage: 833.397 Meg

 Total Signals          : 559
 Total Nets             : 1966
 Total Signal Drivers   : 135
 Total Blocks           : 16
 Total Primitive Blocks : 9
 Total Processes        : 202
 Total Traceable Variables  : 585
 Total Scalar Nets and Variables : 49172
Total Line Count : 753

 Total Simulation Time: 1.43521 sec

 Current Memory Usage: 833.397 Meg

Tue Oct 28 08:41:23 2014

