Command line:
   tb_uart_rx_isim_beh.exe
     -simmode  gui
     -simrunnum  0
     -socket  60033

Tue Oct 28 09:09:31 2014


 Elaboration Time: 0.0312 sec

 Current Memory Usage: 833.413 Meg

 Total Signals          : 557
 Total Nets             : 1975
 Total Signal Drivers   : 134
 Total Blocks           : 20
 Total Primitive Blocks : 13
 Total Processes        : 198
 Total Traceable Variables  : 596
 Total Scalar Nets and Variables : 49258
Total Line Count : 826

 Total Simulation Time: 1.35721 sec

 Current Memory Usage: 676.127 Meg

Tue Oct 28 09:18:13 2014

