INFO:sim:172 - Generating IP...
WARNING:sim - Verilog simulation file type 'Behavioral' is not valid for this
   core. Overriding with simulation file type 'Structural'.
Resolving generics for 'mult12x12'...
WARNING:sim - Verilog simulation file type 'Behavioral' is not valid for this
   core. Overriding with simulation file type 'Structural'.
Applying external generics to 'mult12x12'...
Delivering associated files for 'mult12x12'...
Generating implementation netlist for 'mult12x12'...
INFO:sim - Pre-processing HDL files for 'mult12x12'...
Running synthesis for 'mult12x12'
Running ngcbuild...
Writing VEO instantiation template for 'mult12x12'...
WARNING:sim - Verilog simulation file type 'Behavioral' is not valid for this
   core. Overriding with simulation file type 'Structural'.
Writing Verilog structural simulation model for 'mult12x12'...
WARNING:sim - Verilog simulation file type 'Behavioral' is not valid for this
   core. Overriding with simulation file type 'Structural'.
Delivered 3 files into directory
C:/Users/James/Desktop/iDriveSync/IDrive-Sync/DSD
LAB/Lab3_part2/ipcore_dir/tmp/_cg/mult12x12
Delivered 1 file into directory
C:/Users/James/Desktop/iDriveSync/IDrive-Sync/DSD
LAB/Lab3_part2/ipcore_dir/tmp/_cg/mult12x12
Generating ASY schematic symbol...
INFO:sim:949 - Finished generation of ASY schematic symbol.
Generating SYM schematic symbol for 'mult12x12'...
Generating metadata file...
Generating ISE project file for 'mult12x12'...
Generating ISE project...
XCO file found: mult12x12.xco
XMDF file found: mult12x12_xmdf.tcl
Adding C:/Users/James/Desktop/iDriveSync/IDrive-Sync/DSD
LAB/Lab3_part2/ipcore_dir/tmp/_cg/mult12x12.asy -view all -origin_type imported
Adding C:/Users/James/Desktop/iDriveSync/IDrive-Sync/DSD
LAB/Lab3_part2/ipcore_dir/tmp/_cg/mult12x12.ngc -view all -origin_type created
Checking file "C:/Users/James/Desktop/iDriveSync/IDrive-Sync/DSD
LAB/Lab3_part2/ipcore_dir/tmp/_cg/mult12x12.ngc" for project device match ...
File "C:/Users/James/Desktop/iDriveSync/IDrive-Sync/DSD
LAB/Lab3_part2/ipcore_dir/tmp/_cg/mult12x12.ngc" device information matches
project device.
Adding C:/Users/James/Desktop/iDriveSync/IDrive-Sync/DSD
LAB/Lab3_part2/ipcore_dir/tmp/_cg/mult12x12.sym -view all -origin_type imported
Adding C:/Users/James/Desktop/iDriveSync/IDrive-Sync/DSD
LAB/Lab3_part2/ipcore_dir/tmp/_cg/mult12x12.v -view all -origin_type created
INFO:HDLCompiler:1845 - Analyzing Verilog file
   "C:/Users/James/Desktop/iDriveSync/IDrive-Sync/DSD
   LAB/Lab3_part2/ipcore_dir/tmp/_cg/mult12x12.v" into library work
INFO:ProjectMgmt - Parsing design hierarchy completed successfully.
Adding C:/Users/James/Desktop/iDriveSync/IDrive-Sync/DSD
LAB/Lab3_part2/ipcore_dir/tmp/_cg/mult12x12.veo -view all -origin_type imported
INFO:TclTasksC:2116 - The automatic calculation of top has been turned-off.
   Please set the new top explicitly by running the "project set top" command.
   To re-calculate the new top automatically, set the "Auto Implementation Top"
   property to true.
Top level has been set to "/mult12x12"
Generating README file...
Generating FLIST file...
INFO:sim:948 - Finished FLIST file generation.
Launching README viewer...
Moving files to output directory...
Finished moving files to output directory
Wrote CGP file for project 'mult12x12'.
