Running: C:\Xilinx\14.6\ISE_DS\ISE\bin\nt64\unwrapped\fuse.exe -intstyle ise -incremental -lib unisims_ver -lib unimacro_ver -lib xilinxcorelib_ver -o C:/Users/James/Desktop/iDriveSync/IDrive-Sync/DSD LAB/lab9_uart_rx/tb_uart_rx_isim_beh.exe -prj C:/Users/James/Desktop/iDriveSync/IDrive-Sync/DSD LAB/lab9_uart_rx/tb_uart_rx_beh.prj work.tb_uart_rx work.glbl 
ISim P.68d (signature 0x7708f090)
Number of CPUs detected in this system: 4
Turning on mult-threading, number of parallel sub-compilation jobs: 8 
Determining compilation order of HDL files
Analyzing Verilog file "C:/Users/James/Desktop/iDriveSync/IDrive-Sync/DSD LAB/lab9_uart_rx/ipcore_dir/fifo_rx.v" into library work
Analyzing Verilog file "C:/Users/James/Desktop/iDriveSync/IDrive-Sync/DSD LAB/lab9_uart_rx/baudgen.v" into library work
Analyzing Verilog file "C:/Users/James/Desktop/iDriveSync/IDrive-Sync/DSD LAB/lab9_uart_rx/uart_rx.v" into library work
Analyzing Verilog file "C:/Users/James/Desktop/iDriveSync/IDrive-Sync/DSD LAB/lab9_uart_rx/tb_uart_rx.v" into library work
Analyzing Verilog file "C:/Xilinx/14.6/ISE_DS/ISE//verilog/src/glbl.v" into library work
Starting static elaboration
Completed static elaboration
Compiling module baudgen(PERIOD=8'b011010)
Compiling module fifo_generator_v9_3_bhv_ver_ss(C...
Compiling module fifo_generator_v9_3_bhv_ver_prel...
Compiling module FIFO_GENERATOR_V9_3_CONV_VER(C_C...
Compiling module FIFO_GENERATOR_V9_3(C_COMMON_CLO...
Compiling module fifo_rx
Compiling module uart_rx
Compiling module tb_uart_rx
Compiling module glbl
Time Resolution for simulation is 1ps.
Waiting for 2 sub-compilation(s) to finish...
Compiled 9 Verilog Units
Built simulation executable C:/Users/James/Desktop/iDriveSync/IDrive-Sync/DSD LAB/lab9_uart_rx/tb_uart_rx_isim_beh.exe
Fuse Memory Usage: 31640 KB
Fuse CPU Usage: 764 ms
