#:C59    
#Xilinx FPGA Editor Command Log File
#Editor Version:
#:V   NT M2.1 P.68d
#Current Working Directory:
#:D   C:\Users\James\Desktop\iDriveSync\IDrive-Sync\DSD LAB\lab9_uart_rx
#Date/Time:
#:T   Sun Nov 02 20:26:06 2014
#------------------------------
	#Reading uart_rx.ncd...
	#Loading device for application Rf_Device from file '3s100e.nph' in environment C:\Xilinx\14.6\ISE_DS\ISE\.
	#   "uart_rx" is an NCD, version 3.2, device xc3s100e, package cp132, speed -5
	#Design creation date: 2014.11.03.02.25.52
	#Building chip graphics...
	#Loading speed info...
	#1
setattr main edit-mode no-logic-changes
	#2
unselect -all
	#3
select net 'pstate<0>'
	#net "pstate<0>"
	#4
unselect -all
	#5
select comp 'fifo1/U0/xst_fifo_generator/gconvfifo.rf/grf.rf/gntv_or_sync_fifo.mem/gbm.gbmg.gbmga.ngecc.bmg/gnativebmg.native_blk_mem_gen/valid.cstr/ramloop[0].ram.r/s3_noinit.ram/dpram.dp36x36.ram'
	#comp "fifo1/U0/xst_fifo_generator/gconvfifo.rf/grf.rf/gntv_or_sync_fifo.mem/gbm.gbmg.gbmga.ngecc.bmg/gnativebmg.native_blk_mem_gen/valid.cstr/ramloop[0].ram.r/s3_noinit.ram/dpram.dp36x36.ram",  site "RAMB16_X0Y3",  type = RAMB16  (RPM grid X16Y33)
	#6
unselect -all
	#7
select comp 'fifo1/U0/xst_fifo_generator/gconvfifo.rf/grf.rf/gntv_or_sync_fifo.mem/gbm.gbmg.gbmga.ngecc.bmg/gnativebmg.native_blk_mem_gen/valid.cstr/ramloop[0].ram.r/s3_noinit.ram/dpram.dp36x36.ram'
	#comp "fifo1/U0/xst_fifo_generator/gconvfifo.rf/grf.rf/gntv_or_sync_fifo.mem/gbm.gbmg.gbmga.ngecc.bmg/gnativebmg.native_blk_mem_gen/valid.cstr/ramloop[0].ram.r/s3_noinit.ram/dpram.dp36x36.ram",  site "RAMB16_X0Y3",  type = RAMB16  (RPM grid X16Y33)
	#8
post block
	#9
setattr main disable_draw on
	#10
setattr layer pips view on
	#11
setattr main disable_draw off
	#Hint: change the visibility of more than one layer at a time by clicking on the apply button, clicking two or more layer buttons, and then clicking on the apply button again.
	#12
setattr main disable_draw on
	#13
setattr layer switch_boxes view on
	#14
setattr main disable_draw off
	#15
setattr main disable_draw on
	#16
setattr layer pinwires view on
	#17
setattr main disable_draw off
	#18
setattr main disable_draw on
	#19
setattr layer long_lines view on
	#20
setattr main disable_draw off
	#21
setattr main disable_draw on
	#22
setattr layer long_lines view off
	#23
setattr main disable_draw off
	#24
setattr main disable_draw on
	#25
setattr layer local_lines view on
	#26
setattr main disable_draw off
	#27
setattr main disable_draw on
	#28
setattr layer local_lines view off
	#29
setattr main disable_draw off
	#30
setattr main disable_draw on
	#31
setattr layer pips view off
	#32
setattr main disable_draw off
	#33
setattr main disable_draw on
	#34
setattr layer sites view off
	#35
setattr main disable_draw off
	#36
setattr main disable_draw on
	#37
setattr layer switch_boxes view off
	#38
setattr main disable_draw off
	#39
setattr main disable_draw on
	#40
setattr layer switch_boxes view on
	#41
setattr main disable_draw off
	#42
setattr main disable_draw on
	#43
setattr layer switch_boxes view off
	#44
setattr main disable_draw off
	#45
setattr main disable_draw on
	#46
setattr layer ratsnests view off
	#47
setattr main disable_draw off
	#48
setattr main disable_draw on
	#49
setattr layer routes view off
	#50
setattr main disable_draw off
	#51
setattr main disable_draw on
	#52
setattr layer routes view on
	#53
setattr main disable_draw off
	#54
setattr main disable_draw on
	#55
setattr layer ratsnests view on
	#56
setattr main disable_draw off
	#57
setattr main disable_draw on
	#58
setattr layer components view on
	#59
setattr main disable_draw off
	#60
setattr main disable_draw on
	#61
setattr layer components view off
	#62
setattr main disable_draw off
