Release 14.6 - xst P.68d (nt64)
Copyright (c) 1995-2013 Xilinx, Inc.  All rights reserved.
--> Parameter TMPDIR set to xst/projnav.tmp


Total REAL time to Xst completion: 0.00 secs
Total CPU time to Xst completion: 0.09 secs
 
--> Parameter xsthdpdir set to xst


Total REAL time to Xst completion: 0.00 secs
Total CPU time to Xst completion: 0.09 secs
 
--> Reading design: uart_rx.prj

TABLE OF CONTENTS
  1) Synthesis Options Summary
  2) HDL Compilation
  3) Design Hierarchy Analysis
  4) HDL Analysis
  5) HDL Synthesis
     5.1) HDL Synthesis Report
  6) Advanced HDL Synthesis
     6.1) Advanced HDL Synthesis Report
  7) Low Level Synthesis
  8) Partition Report
  9) Final Report
	9.1) Device utilization summary
	9.2) Partition Resource Summary
	9.3) TIMING REPORT


=========================================================================
*                      Synthesis Options Summary                        *
=========================================================================
---- Source Parameters
Input File Name                    : "uart_rx.prj"
Input Format                       : mixed
Ignore Synthesis Constraint File   : NO

---- Target Parameters
Output File Name                   : "uart_rx"
Output Format                      : NGC
Target Device                      : xc3s100e-5-cp132

---- Source Options
Top Module Name                    : uart_rx
Automatic FSM Extraction           : YES
FSM Encoding Algorithm             : Auto
Safe Implementation                : No
FSM Style                          : LUT
RAM Extraction                     : Yes
RAM Style                          : Auto
ROM Extraction                     : Yes
Mux Style                          : Auto
Decoder Extraction                 : YES
Priority Encoder Extraction        : Yes
Shift Register Extraction          : YES
Logical Shifter Extraction         : YES
XOR Collapsing                     : YES
ROM Style                          : Auto
Mux Extraction                     : Yes
Resource Sharing                   : YES
Asynchronous To Synchronous        : NO
Multiplier Style                   : Auto
Automatic Register Balancing       : No

---- Target Options
Add IO Buffers                     : YES
Global Maximum Fanout              : 100000
Add Generic Clock Buffer(BUFG)     : 24
Register Duplication               : YES
Slice Packing                      : YES
Optimize Instantiated Primitives   : NO
Use Clock Enable                   : Yes
Use Synchronous Set                : Yes
Use Synchronous Reset              : Yes
Pack IO Registers into IOBs        : Auto
Equivalent register Removal        : YES

---- General Options
Optimization Goal                  : Speed
Optimization Effort                : 1
Keep Hierarchy                     : No
Netlist Hierarchy                  : As_Optimized
RTL Output                         : Yes
Global Optimization                : AllClockNets
Read Cores                         : YES
Write Timing Constraints           : NO
Cross Clock Analysis               : NO
Hierarchy Separator                : /
Bus Delimiter                      : <>
Case Specifier                     : Maintain
Slice Utilization Ratio            : 100
BRAM Utilization Ratio             : 100
Verilog 2001                       : YES
Auto BRAM Packing                  : NO
Slice Utilization Ratio Delta      : 5

---- Other Options
Cores Search Directories           : {"ipcore_dir"  }

=========================================================================


=========================================================================
*                          HDL Compilation                              *
=========================================================================
Compiling verilog file "ipcore_dir/fifo_rx.v" in library work
Compiling verilog file "baudgen.v" in library work
Module <fifo_rx> compiled
Compiling verilog file "uart_rx.v" in library work
Module <baudgen> compiled
Module <uart_rx> compiled
WARNING:HDLCompilers:258 - "uart_rx.v" line 28 Range on redeclaration of 'dout' overrides range on output declaration at "uart_rx.v" line 24 
No errors in compilation
Analysis of file <"uart_rx.prj"> succeeded.
 

=========================================================================
*                     Design Hierarchy Analysis                         *
=========================================================================
Analyzing hierarchy for module <uart_rx> in library <work> with parameters.
	PERIOD = "00011010"

Analyzing hierarchy for module <baudgen> in library <work> with parameters.
	PERIOD = "00011010"


=========================================================================
*                            HDL Analysis                               *
=========================================================================
Analyzing top module <uart_rx>.
	PERIOD = 8'b00011010
WARNING:Xst:2211 - "ipcore_dir/fifo_rx.v" line 85: Instantiating black box module <fifo_rx>.
Module <uart_rx> is correct for synthesis.
 
Analyzing module <baudgen> in library <work>.
	PERIOD = 8'b00011010
Module <baudgen> is correct for synthesis.
 

=========================================================================
*                           HDL Synthesis                               *
=========================================================================

Performing bidirectional port resolution...
INFO:Xst:2679 - Register <control<7>> in unit <uart_rx> has a constant value of 0 during circuit operation. The register is replaced by logic.
INFO:Xst:2679 - Register <control<6>> in unit <uart_rx> has a constant value of 0 during circuit operation. The register is replaced by logic.
INFO:Xst:2679 - Register <control<5>> in unit <uart_rx> has a constant value of 0 during circuit operation. The register is replaced by logic.
INFO:Xst:2679 - Register <control<4>> in unit <uart_rx> has a constant value of 0 during circuit operation. The register is replaced by logic.
INFO:Xst:2679 - Register <control<3>> in unit <uart_rx> has a constant value of 0 during circuit operation. The register is replaced by logic.

Synthesizing Unit <baudgen>.
    Related source file is "baudgen.v".
    Found 1-bit register for signal <baud>.
    Found 8-bit comparator equal for signal <baud$cmp_eq0000> created at line 60.
    Found 8-bit register for signal <period>.
    Found 8-bit register for signal <timer>.
    Found 8-bit adder for signal <timer$addsub0000> created at line 37.
    Summary:
	inferred   9 D-type flip-flop(s).
	inferred   1 Adder/Subtractor(s).
	inferred   1 Comparator(s).
Unit <baudgen> synthesized.


Synthesizing Unit <uart_rx>.
    Related source file is "uart_rx.v".
    Using one-hot encoding for signal <pstate>.
INFO:Xst:2117 - HDL ADVISOR - Mux Selector <pstate> of Case statement line 252 was re-encoded using one-hot encoding. The case statement will be optimized (default statement optimization), but this optimization may lead to design initialization problems. To ensure the design works safely, you can:
   	- add an 'INIT' attribute on signal <pstate> (optimization is then done without any risk)
   	- use the attribute 'signal_encoding user' to avoid onehot optimization
   	- use the attribute 'safe_implementation yes' to force XST to perform a safe (but less efficient) optimization
    Found 4-bit up counter for signal <bitcounter>.
    Found 4-bit up counter for signal <bittimer>.
    Found 3-bit register for signal <control<2:0>>.
    Found 9-bit register for signal <frame_error>.
    Found 1-bit register for signal <frame_ready>.
    Found 1-bit register for signal <in_one>.
    Found 1-bit register for signal <in_two>.
    Found 1-bit register for signal <load>.
    Found 1-bit register for signal <loaded>.
    Found 6-bit register for signal <pstate>.
    Found 10-bit register for signal <shift>.
    Summary:
	inferred   2 Counter(s).
	inferred  27 D-type flip-flop(s).
Unit <uart_rx> synthesized.


=========================================================================
HDL Synthesis Report

Macro Statistics
# Adders/Subtractors                                   : 1
 8-bit adder                                           : 1
# Counters                                             : 2
 4-bit up counter                                      : 2
# Registers                                            : 22
 1-bit register                                        : 18
 10-bit register                                       : 1
 6-bit register                                        : 1
 8-bit register                                        : 2
# Comparators                                          : 1
 8-bit comparator equal                                : 1

=========================================================================

=========================================================================
*                       Advanced HDL Synthesis                          *
=========================================================================

Reading core <ipcore_dir/fifo_rx.ngc>.
Loading core <fifo_rx> for timing and area information for instance <fifo1>.

=========================================================================
Advanced HDL Synthesis Report

Macro Statistics
# Adders/Subtractors                                   : 1
 8-bit adder                                           : 1
# Counters                                             : 2
 4-bit up counter                                      : 2
# Registers                                            : 50
 Flip-Flops                                            : 50
# Comparators                                          : 1
 8-bit comparator equal                                : 1

=========================================================================

=========================================================================
*                         Low Level Synthesis                           *
=========================================================================

Optimizing unit <uart_rx> ...

Optimizing unit <baudgen> ...

Mapping all equations...
Building and optimizing final netlist ...
Found area constraint ratio of 100 (+ 5) on block uart_rx, actual ratio is 7.
INFO:Xst:2260 - The FF/Latch <U0/xst_fifo_generator/gconvfifo.rf/grf.rf/gntv_or_sync_fifo.gl0.rd/gr1.rfwft/empty_fwft_i> in Unit <fifo1> is equivalent to the following FF/Latch : <U0/xst_fifo_generator/gconvfifo.rf/grf.rf/gntv_or_sync_fifo.gl0.rd/gr1.rfwft/empty_fwft_fb> 
INFO:Xst:2260 - The FF/Latch <U0/xst_fifo_generator/gconvfifo.rf/grf.rf/gntv_or_sync_fifo.gl0.wr/gwss.wsts/ram_full_fb_i> in Unit <fifo1> is equivalent to the following FF/Latch : <U0/xst_fifo_generator/gconvfifo.rf/grf.rf/gntv_or_sync_fifo.gl0.wr/gwss.wsts/ram_full_i> 
INFO:Xst:2260 - The FF/Latch <U0/xst_fifo_generator/gconvfifo.rf/grf.rf/gntv_or_sync_fifo.gl0.rd/gr1.rfwft/empty_fwft_i> in Unit <fifo1> is equivalent to the following FF/Latch : <U0/xst_fifo_generator/gconvfifo.rf/grf.rf/gntv_or_sync_fifo.gl0.rd/gr1.rfwft/empty_fwft_fb> 
INFO:Xst:2260 - The FF/Latch <U0/xst_fifo_generator/gconvfifo.rf/grf.rf/gntv_or_sync_fifo.gl0.wr/gwss.wsts/ram_full_fb_i> in Unit <fifo1> is equivalent to the following FF/Latch : <U0/xst_fifo_generator/gconvfifo.rf/grf.rf/gntv_or_sync_fifo.gl0.wr/gwss.wsts/ram_full_i> 

Final Macro Processing ...

Processing Unit <uart_rx> :
	Found 2-bit shift register for signal <in_two>.
Unit <uart_rx> processed.

=========================================================================
Final Register Report

Macro Statistics
# Registers                                            : 56
 Flip-Flops                                            : 56
# Shift Registers                                      : 1
 2-bit shift register                                  : 1

=========================================================================

=========================================================================
*                           Partition Report                            *
=========================================================================

Partition Implementation Status
-------------------------------

  No Partitions were found in this design.

-------------------------------

=========================================================================
*                            Final Report                               *
=========================================================================
Final Results
RTL Top Level Output File Name     : uart_rx.ngr
Top Level Output File Name         : uart_rx
Output Format                      : NGC
Optimization Goal                  : Speed
Keep Hierarchy                     : No

Design Statistics
# IOs                              : 25

Cell Usage :
# BELS                             : 125
#      GND                         : 2
#      INV                         : 4
#      LUT2                        : 15
#      LUT2_L                      : 2
#      LUT3                        : 22
#      LUT3_D                      : 2
#      LUT3_L                      : 1
#      LUT4                        : 57
#      LUT4_D                      : 2
#      LUT4_L                      : 7
#      MUXF5                       : 10
#      VCC                         : 1
# FlipFlops/Latches                : 89
#      FD                          : 6
#      FDC                         : 16
#      FDCE                        : 25
#      FDCE_1                      : 1
#      FDP                         : 1
#      FDPE                        : 13
#      FDR                         : 1
#      FDRE                        : 23
#      FDRSE                       : 1
#      FDSE                        : 2
# RAMS                             : 1
#      RAMB16_S36_S36              : 1
# Shift Registers                  : 1
#      SRL16                       : 1
# Clock Buffers                    : 1
#      BUFGP                       : 1
# IO Buffers                       : 24
#      IBUF                        : 15
#      OBUF                        : 9
=========================================================================

Device utilization summary:
---------------------------

Selected Device : 3s100ecp132-5 

 Number of Slices:                       74  out of    960     7%  
 Number of Slice Flip Flops:             89  out of   1920     4%  
 Number of 4 input LUTs:                113  out of   1920     5%  
    Number used as logic:               112
    Number used as Shift registers:       1
 Number of IOs:                          25
 Number of bonded IOBs:                  25  out of     83    30%  
 Number of BRAMs:                         1  out of      4    25%  
 Number of GCLKs:                         1  out of     24     4%  

---------------------------
Partition Resource Summary:
---------------------------

  No Partitions were found in this design.

---------------------------


=========================================================================
TIMING REPORT

NOTE: THESE TIMING NUMBERS ARE ONLY A SYNTHESIS ESTIMATE.
      FOR ACCURATE TIMING INFORMATION PLEASE REFER TO THE TRACE REPORT
      GENERATED AFTER PLACE-and-ROUTE.

Clock Information:
------------------
-----------------------------------+------------------------+-------+
Clock Signal                       | Clock buffer(FF name)  | Load  |
-----------------------------------+------------------------+-------+
clk                                | BUFGP                  | 87    |
baud1/baud                         | NONE(bittimer_0)       | 4     |
-----------------------------------+------------------------+-------+
INFO:Xst:2169 - HDL ADVISOR - Some clock signals were not automatically buffered by XST with BUFG/BUFR resources. Please use the buffer_type constraint in order to insert these buffers to the clock signals to help prevent skew problems.

Asynchronous Control Signals Information:
----------------------------------------
-----------------------------------+------------------------+-------+
Control Signal                     | Buffer(FF name)        | Load  |
-----------------------------------+------------------------+-------+
reset                              | IBUF                   | 56    |
-----------------------------------+------------------------+-------+

Timing Summary:
---------------
Speed Grade: -5

   Minimum period: 5.524ns (Maximum Frequency: 181.025MHz)
   Minimum input arrival time before clock: 6.725ns
   Maximum output required time after clock: 6.567ns
   Maximum combinational path delay: 7.649ns

Timing Detail:
--------------
All values displayed in nanoseconds (ns)

=========================================================================
Timing constraint: Default period analysis for Clock 'clk'
  Clock period: 5.524ns (frequency: 181.025MHz)
  Total number of paths / destination ports: 631 / 175
-------------------------------------------------------------------------
Delay:               2.762ns (Levels of Logic = 1)
  Source:            loaded (FF)
  Destination:       shift_0 (FF)
  Source Clock:      clk falling
  Destination Clock: clk rising

  Data Path: loaded to shift_0
                                Gate     Net
    Cell:in->out      fanout   Delay   Delay  Logical Name (Net Name)
    ----------------------------------------  ------------
     FDCE_1:C->Q           1   0.514   0.360  loaded (loaded)
     LUT4:I3->O           11   0.612   0.793  ld_shift (ld_shift)
     FDPE:CE                   0.483          shift_0
    ----------------------------------------
    Total                      2.762ns (1.609ns logic, 1.153ns route)
                                       (58.3% logic, 41.7% route)

=========================================================================
Timing constraint: Default period analysis for Clock 'baud1/baud'
  Clock period: 2.394ns (frequency: 417.632MHz)
  Total number of paths / destination ports: 10 / 4
-------------------------------------------------------------------------
Delay:               2.394ns (Levels of Logic = 1)
  Source:            bittimer_0 (FF)
  Destination:       bittimer_0 (FF)
  Source Clock:      baud1/baud rising
  Destination Clock: baud1/baud rising

  Data Path: bittimer_0 to bittimer_0
                                Gate     Net
    Cell:in->out      fanout   Delay   Delay  Logical Name (Net Name)
    ----------------------------------------  ------------
     FDCE:C->Q             8   0.514   0.643  bittimer_0 (bittimer_0)
     INV:I->O              1   0.612   0.357  Mcount_bittimer_xor<0>11_INV_0 (Result<0>)
     FDCE:D                    0.268          bittimer_0
    ----------------------------------------
    Total                      2.394ns (1.394ns logic, 1.000ns route)
                                       (58.2% logic, 41.8% route)

=========================================================================
Timing constraint: Default OFFSET IN BEFORE for Clock 'clk'
  Total number of paths / destination ports: 165 / 54
-------------------------------------------------------------------------
Offset:              6.725ns (Levels of Logic = 6)
  Source:            addr<1> (PAD)
  Destination:       fifo1/U0/xst_fifo_generator/gconvfifo.rf/grf.rf/gntv_or_sync_fifo.gl0.wr/gwss.wsts/ram_full_fb_i (FF)
  Destination Clock: clk rising

  Data Path: addr<1> to fifo1/U0/xst_fifo_generator/gconvfifo.rf/grf.rf/gntv_or_sync_fifo.gl0.wr/gwss.wsts/ram_full_fb_i
                                Gate     Net
    Cell:in->out      fanout   Delay   Delay  Logical Name (Net Name)
    ----------------------------------------  ------------
     IBUF:I->O            20   1.106   1.006  addr_1_IBUF (addr_1_IBUF)
     LUT4:I1->O            5   0.612   0.690  rd_fifo1 (rd_fifo)
     begin scope: 'fifo1'
     LUT4:I0->O           12   0.612   0.847  U0/xst_fifo_generator/gconvfifo.rf/grf.rf/gntv_or_sync_fifo.gl0.rd/gr1.rfwft/RAM_RD_EN_FWFT1 (U0/xst_fifo_generator/gconvfifo.rf/grf.rf/ram_rd_en)
     LUT3:I2->O            1   0.612   0.360  U0/xst_fifo_generator/gconvfifo.rf/grf.rf/gntv_or_sync_fifo.gl0.wr/gwss.wsts/ram_full_i_mux00005_SW0 (N7)
     LUT4:I3->O            2   0.612   0.000  U0/xst_fifo_generator/gconvfifo.rf/grf.rf/gntv_or_sync_fifo.gl0.wr/gwss.wsts/ram_full_i_mux0000105 (U0/xst_fifo_generator/gconvfifo.rf/grf.rf/gntv_or_sync_fifo.gl0.wr/gwss.wsts/ram_full_i_mux0000)
     FD:D                      0.268          U0/xst_fifo_generator/gconvfifo.rf/grf.rf/gntv_or_sync_fifo.gl0.wr/gwss.wsts/ram_full_i
    ----------------------------------------
    Total                      6.725ns (3.822ns logic, 2.903ns route)
                                       (56.8% logic, 43.2% route)

=========================================================================
Timing constraint: Default OFFSET OUT AFTER for Clock 'clk'
  Total number of paths / destination ports: 20 / 9
-------------------------------------------------------------------------
Offset:              6.567ns (Levels of Logic = 4)
  Source:            control_0 (FF)
  Destination:       dout<0> (PAD)
  Source Clock:      clk rising

  Data Path: control_0 to dout<0>
                                Gate     Net
    Cell:in->out      fanout   Delay   Delay  Logical Name (Net Name)
    ----------------------------------------  ------------
     FDCE:C->Q             6   0.514   0.599  control_0 (control_0)
     LUT4:I2->O            1   0.612   0.000  dout<0>30_G (N80)
     MUXF5:I1->O           1   0.278   0.426  dout<0>30 (dout<0>30)
     LUT2:I1->O            1   0.612   0.357  dout<0>39 (dout_0_OBUF)
     OBUF:I->O                 3.169          dout_0_OBUF (dout<0>)
    ----------------------------------------
    Total                      6.567ns (5.185ns logic, 1.382ns route)
                                       (79.0% logic, 21.0% route)

=========================================================================
Timing constraint: Default path analysis
  Total number of paths / destination ports: 55 / 9
-------------------------------------------------------------------------
Delay:               7.649ns (Levels of Logic = 5)
  Source:            addr<2> (PAD)
  Destination:       dout<1> (PAD)

  Data Path: addr<2> to dout<1>
                                Gate     Net
    Cell:in->out      fanout   Delay   Delay  Logical Name (Net Name)
    ----------------------------------------  ------------
     IBUF:I->O            20   1.106   1.089  addr_2_IBUF (addr_2_IBUF)
     LUT4:I0->O            1   0.612   0.000  dout<1>30_F (N77)
     MUXF5:I0->O           1   0.278   0.426  dout<1>30 (dout<1>30)
     LUT2:I1->O            1   0.612   0.357  dout<1>39 (dout_1_OBUF)
     OBUF:I->O                 3.169          dout_1_OBUF (dout<1>)
    ----------------------------------------
    Total                      7.649ns (5.777ns logic, 1.872ns route)
                                       (75.5% logic, 24.5% route)

=========================================================================


Total REAL time to Xst completion: 7.00 secs
Total CPU time to Xst completion: 6.38 secs
 
--> 

Total memory usage is 248444 kilobytes

Number of errors   :    0 (   0 filtered)
Number of warnings :    3 (   0 filtered)
Number of infos    :   11 (   0 filtered)

