Command line:
   tb_satadd_isim_beh.exe
     -simmode  gui
     -simrunnum  0
     -socket  57727

Wed Dec 03 17:02:04 2014


 Elaboration Time: 0.015625 sec

 Current Memory Usage: 523.842 Meg

 Total Signals          : 168
 Total Nets             : 147
 Total Signal Drivers   : 68
 Total Blocks           : 43
 Total Primitive Blocks : 40
 Total Processes        : 98
 Total Traceable Variables  : 71
 Total Scalar Nets and Variables : 1422
Total Line Count : 307

 Total Simulation Time: 0.140625 sec

 Current Memory Usage: 523.858 Meg

Wed Dec 03 17:02:11 2014

