Command line:
   tb_fifo_isim_beh.exe
     -simmode  gui
     -simrunnum  0
     -socket  61451

Tue Oct 14 08:12:51 2014


 Elaboration Time: 0.0312 sec

 Current Memory Usage: 829.178 Meg

 Total Signals          : 171
 Total Nets             : 340
 Total Signal Drivers   : 69
 Total Blocks           : 20
 Total Primitive Blocks : 15
 Total Processes        : 86
 Total Traceable Variables  : 361
 Total Scalar Nets and Variables : 18433
Total Line Count : 448

 Total Simulation Time: 0.109201 sec

 Current Memory Usage: 1143.75 Meg

Tue Oct 14 08:13:26 2014

