Running: C:\Xilinx\14.6\ISE_DS\ISE\bin\nt64\unwrapped\fuse.exe -intstyle ise -incremental -lib unisims_ver -lib unimacro_ver -lib xilinxcorelib_ver -o C:/Users/James/Desktop/iDriveSync/IDrive-Sync/DSD LAB/Lab4/tb_lab4dpath_isim_beh.exe -prj C:/Users/James/Desktop/iDriveSync/IDrive-Sync/DSD LAB/Lab4/tb_lab4dpath_beh.prj work.tb_lab4dpath work.glbl 
ISim P.68d (signature 0x7708f090)
Number of CPUs detected in this system: 4
Turning on mult-threading, number of parallel sub-compilation jobs: 8 
Determining compilation order of HDL files
Analyzing Verilog file "C:/Users/James/Desktop/iDriveSync/IDrive-Sync/DSD LAB/Lab4/ipcore_dir/mult12x12l2.v" into library work
Analyzing Verilog file "C:/Users/James/Desktop/iDriveSync/IDrive-Sync/DSD LAB/Lab4/lab4dpath.v" into library work
Analyzing Verilog file "C:/Users/James/Desktop/iDriveSync/IDrive-Sync/DSD LAB/Lab4/tb_lab4dpath.v" into library work
Analyzing Verilog file "C:/Xilinx/14.6/ISE_DS/ISE//verilog/src/glbl.v" into library work
WARNING:HDLCompiler:687 - "C:/Xilinx/14.6/ISE_DS/ISE//verilog/src/glbl.v" Line 5: Illegal redeclaration of module <glbl>.
Starting static elaboration
Completed static elaboration
Compiling module FD
Compiling module MULT18X18SIO(AREG=0,BREG=0,PREG=...
Compiling module VCC
Compiling module GND
Compiling module mult12x12l2
Compiling module lab4dpath
Compiling module tb_lab4dpath
Compiling module glbl
Time Resolution for simulation is 1ps.
Waiting for 2 sub-compilation(s) to finish...
Compiled 8 Verilog Units
Built simulation executable C:/Users/James/Desktop/iDriveSync/IDrive-Sync/DSD LAB/Lab4/tb_lab4dpath_isim_beh.exe
Fuse Memory Usage: 26640 KB
Fuse CPU Usage: 343 ms
