#:C109   
#Xilinx FPGA Editor Command Log File
#Editor Version:
#:V   NT M2.1 P.68d
#Current Working Directory:
#:D   C:\Users\James\Desktop\iDriveSync\IDrive-Sync\DSD LAB\Lab3_part2
#Date/Time:
#:T   Mon Sep 08 22:04:40 2014
#------------------------------
	#Reading lab3dpath.ncd...
	#Loading device for application Rf_Device from file '3s100e.nph' in environment C:\Xilinx\14.6\ISE_DS\ISE\.
	#   "lab3dpath" is an NCD, version 3.2, device xc3s100e, package cp132, speed -5
	#Design creation date: 2014.09.08.20.26.17
	#Building chip graphics...
	#Loading speed info...
	#1
setattr main edit-mode no-logic-changes
	#2
setattr main disable_draw on
	#3
setattr layer components view off
	#4
setattr main disable_draw off
	#Hint: change the visibility of more than one layer at a time by clicking on the apply button, clicking two or more layer buttons, and then clicking on the apply button again.
	#5
setattr main disable_draw on
	#6
setattr layer components view on
	#7
setattr main disable_draw off
	#8
setattr main disable_draw on
	#9
setattr layer routes view off
	#10
setattr main disable_draw off
	#11
setattr main disable_draw on
	#12
setattr layer routes view on
	#13
setattr main disable_draw off
	#14
select -k comp 'i1/blk00000001/blk00000004'
	#15
setattr main disable_draw on
	#16
setattr layer hard_macros view off
	#17
setattr main disable_draw off
	#18
setattr main disable_draw on
	#19
setattr layer hard_macros view on
	#20
setattr main disable_draw off
	#21
setattr main disable_draw on
	#22
setattr layer user_rpms view off
	#23
setattr main disable_draw off
	#24
setattr main disable_draw on
	#25
setattr layer tool_rpms view off
	#26
setattr main disable_draw off
	#27
setattr main disable_draw on
	#28
setattr layer hard_macros view off
	#29
setattr main disable_draw off
	#30
setattr main disable_draw on
	#31
setattr layer ratsnests view off
	#32
setattr main disable_draw off
	#33
setattr main disable_draw on
	#34
setattr layer routes view off
	#35
setattr main disable_draw off
	#36
setattr main disable_draw on
	#37
setattr layer components view off
	#38
setattr main disable_draw off
	#39
setattr main disable_draw on
	#40
setattr layer routes view on
	#41
setattr main disable_draw off
	#42
setattr main disable_draw on
	#43
setattr layer components view on
	#44
setattr main disable_draw off
	#45
setattr main disable_draw on
	#46
setattr layer switch_boxes view on
	#47
setattr main disable_draw off
	#48
setattr main disable_draw on
	#49
setattr layer sites view off
	#50
setattr main disable_draw off
	#51
setattr main disable_draw on
	#52
setattr layer routes view off
	#53
setattr main disable_draw off
	#54
setattr main disable_draw on
	#55
setattr layer routes view on
	#56
setattr main disable_draw off
	#57
setattr main disable_draw on
	#58
setattr layer components view off
	#59
setattr main disable_draw off
	#60
unselect -all
	#61
unselect -all
	#62
unselect -all
	#63
unselect -all
	#64
unselect -all
	#65
unselect -all
	#66
unselect -all
	#67
setattr main disable_draw on
	#68
setattr layer user_rpms view on
	#69
setattr main disable_draw off
	#70
setattr main disable_draw on
	#71
setattr layer hard_macros view on
	#72
setattr main disable_draw off
	#73
unselect -all
	#74
unselect -all
	#75
unselect -all
	#76
unselect -all
	#77
setattr main disable_draw on
	#78
setattr layer sites view on
	#79
setattr main disable_draw off
	#80
setattr main disable_draw on
	#81
setattr layer sites view off
	#82
setattr main disable_draw off
	#83
setattr main disable_draw on
	#84
setattr layer sites view on
	#85
setattr main disable_draw off
	#86
unselect -all
	#87
select site 'MULT18X18_X0Y2'
	#site "MULT18X18_X0Y2",  type = MULT18X18SIO  (RPM grid X16Y24)
	#88
unselect -all
	#89
select site 'MULT18X18_X0Y2'
	#site "MULT18X18_X0Y2",  type = MULT18X18SIO  (RPM grid X16Y24)
	#90
post block
	#ERROR:FPGAEditor:196 - Component "i1/blk00000001/blk00000004" is protected.
	#91
setattr main disable_draw on
	#92
setattr layer pips view on
	#93
setattr main disable_draw off
	#94
setattr main disable_draw on
	#95
setattr layer routes view on
	#96
setattr main disable_draw off
	#97
setattr main disable_draw on
	#98
setattr layer components view on
	#99
setattr main disable_draw off
	#100
setattr main disable_draw on
	#101
setattr layer routes view on
	#102
setattr main disable_draw off
	#103
setattr main disable_draw on
	#104
setattr layer components view off
	#105
setattr main disable_draw off
	#106
setattr main disable_draw on
	#107
setattr layer ratsnests view on
	#108
setattr main disable_draw off
	#109
setattr main disable_draw on
	#110
setattr layer switch_boxes view on
	#111
setattr main disable_draw off
	#112
setattr main disable_draw on
	#113
setattr layer sites view on
	#114
setattr main disable_draw off
	#115
setattr main disable_draw on
	#116
setattr layer switch_boxes view off
	#117
setattr main disable_draw off
