Release 14.6 - xst P.68d (nt64)
Copyright (c) 1995-2013 Xilinx, Inc.  All rights reserved.
--> Parameter TMPDIR set to xst/projnav.tmp


Total REAL time to Xst completion: 0.00 secs
Total CPU time to Xst completion: 0.26 secs
 
--> Parameter xsthdpdir set to xst


Total REAL time to Xst completion: 0.00 secs
Total CPU time to Xst completion: 0.26 secs
 
--> Reading design: lab3dpath.prj

TABLE OF CONTENTS
  1) Synthesis Options Summary
  2) HDL Compilation
  3) Design Hierarchy Analysis
  4) HDL Analysis
  5) HDL Synthesis
     5.1) HDL Synthesis Report
  6) Advanced HDL Synthesis
     6.1) Advanced HDL Synthesis Report
  7) Low Level Synthesis
  8) Partition Report
  9) Final Report
	9.1) Device utilization summary
	9.2) Partition Resource Summary
	9.3) TIMING REPORT


=========================================================================
*                      Synthesis Options Summary                        *
=========================================================================
---- Source Parameters
Input File Name                    : "lab3dpath.prj"
Input Format                       : mixed
Ignore Synthesis Constraint File   : NO

---- Target Parameters
Output File Name                   : "lab3dpath"
Output Format                      : NGC
Target Device                      : xc3s100e-5-cp132

---- Source Options
Top Module Name                    : lab3dpath
Automatic FSM Extraction           : YES
FSM Encoding Algorithm             : Auto
Safe Implementation                : No
FSM Style                          : LUT
RAM Extraction                     : Yes
RAM Style                          : Auto
ROM Extraction                     : Yes
Mux Style                          : Auto
Decoder Extraction                 : YES
Priority Encoder Extraction        : Yes
Shift Register Extraction          : YES
Logical Shifter Extraction         : YES
XOR Collapsing                     : YES
ROM Style                          : Auto
Mux Extraction                     : Yes
Resource Sharing                   : YES
Asynchronous To Synchronous        : NO
Multiplier Style                   : Auto
Automatic Register Balancing       : No

---- Target Options
Add IO Buffers                     : YES
Global Maximum Fanout              : 100000
Add Generic Clock Buffer(BUFG)     : 24
Register Duplication               : YES
Slice Packing                      : YES
Optimize Instantiated Primitives   : NO
Use Clock Enable                   : Yes
Use Synchronous Set                : Yes
Use Synchronous Reset              : Yes
Pack IO Registers into IOBs        : Auto
Equivalent register Removal        : YES

---- General Options
Optimization Goal                  : Speed
Optimization Effort                : 1
Keep Hierarchy                     : No
Netlist Hierarchy                  : As_Optimized
RTL Output                         : Yes
Global Optimization                : AllClockNets
Read Cores                         : YES
Write Timing Constraints           : NO
Cross Clock Analysis               : NO
Hierarchy Separator                : /
Bus Delimiter                      : <>
Case Specifier                     : Maintain
Slice Utilization Ratio            : 100
BRAM Utilization Ratio             : 100
Verilog 2001                       : YES
Auto BRAM Packing                  : NO
Slice Utilization Ratio Delta      : 5

---- Other Options
Cores Search Directories           : {"ipcore_dir"  }

=========================================================================


=========================================================================
*                          HDL Compilation                              *
=========================================================================
Compiling verilog file "ipcore_dir/mult12x12.v" in library work
Compiling verilog file "lab3dpath.v" in library work
Module <mult12x12> compiled
Module <lab3dpath> compiled
No errors in compilation
Analysis of file <"lab3dpath.prj"> succeeded.
 

=========================================================================
*                     Design Hierarchy Analysis                         *
=========================================================================
Analyzing hierarchy for module <lab3dpath> in library <work>.


=========================================================================
*                            HDL Analysis                               *
=========================================================================
Analyzing top module <lab3dpath>.
WARNING:Xst:2211 - "ipcore_dir/mult12x12.v" line 30: Instantiating black box module <mult12x12>.
WARNING:Xst:2211 - "ipcore_dir/mult12x12.v" line 31: Instantiating black box module <mult12x12>.
WARNING:Xst:2211 - "ipcore_dir/mult12x12.v" line 32: Instantiating black box module <mult12x12>.
Module <lab3dpath> is correct for synthesis.
 
    Set user-defined property "SYN_BLACK_BOX =  1" for instance <i1> in unit <lab3dpath>.
    Set user-defined property "SYN_NOPRUNE =  1" for instance <i1> in unit <lab3dpath>.
    Set user-defined property "SYN_BLACK_BOX =  1" for instance <i2> in unit <lab3dpath>.
    Set user-defined property "SYN_NOPRUNE =  1" for instance <i2> in unit <lab3dpath>.
    Set user-defined property "SYN_BLACK_BOX =  1" for instance <i3> in unit <lab3dpath>.
    Set user-defined property "SYN_NOPRUNE =  1" for instance <i3> in unit <lab3dpath>.
    Set property "SYN_NOPRUNE = 1" for unit <mult12x12>.
    Set property "SYN_NOPRUNE = 1" for unit <mult12x12>.
    Set property "SYN_NOPRUNE = 1" for unit <mult12x12>.

=========================================================================
*                           HDL Synthesis                               *
=========================================================================

Performing bidirectional port resolution...

Synthesizing Unit <lab3dpath>.
    Related source file is "lab3dpath.v".
WARNING:Xst:646 - Signal <t3<23>> is assigned but never used. This unconnected signal will be trimmed during the optimization process.
WARNING:Xst:646 - Signal <t3<10:0>> is assigned but never used. This unconnected signal will be trimmed during the optimization process.
WARNING:Xst:646 - Signal <t2<23>> is assigned but never used. This unconnected signal will be trimmed during the optimization process.
WARNING:Xst:646 - Signal <t2<10:0>> is assigned but never used. This unconnected signal will be trimmed during the optimization process.
WARNING:Xst:646 - Signal <t1<23>> is assigned but never used. This unconnected signal will be trimmed during the optimization process.
WARNING:Xst:646 - Signal <t1<10:0>> is assigned but never used. This unconnected signal will be trimmed during the optimization process.
WARNING:Xst:646 - Signal <s2<1:0>> is assigned but never used. This unconnected signal will be trimmed during the optimization process.
    Found 12-bit adder for signal <s2>.
    Found 12-bit adder for signal <s2$addsub0000> created at line 34.
    Summary:
	inferred   2 Adder/Subtractor(s).
Unit <lab3dpath> synthesized.


=========================================================================
HDL Synthesis Report

Macro Statistics
# Adders/Subtractors                                   : 2
 12-bit adder                                          : 2

=========================================================================

=========================================================================
*                       Advanced HDL Synthesis                          *
=========================================================================

Reading core <ipcore_dir/mult12x12.ngc>.
Reading Secure Unit <blk00000001>.
Loading core <mult12x12> for timing and area information for instance <i1>.
Loading core <mult12x12> for timing and area information for instance <i2>.
Loading core <mult12x12> for timing and area information for instance <i3>.

=========================================================================
Advanced HDL Synthesis Report

Macro Statistics
# Adders/Subtractors                                   : 2
 12-bit adder                                          : 2

=========================================================================

=========================================================================
*                         Low Level Synthesis                           *
=========================================================================

Optimizing unit <lab3dpath> ...

Mapping all equations...
Building and optimizing final netlist ...
Found area constraint ratio of 100 (+ 5) on block lab3dpath, actual ratio is 1.

Final Macro Processing ...

=========================================================================
Final Register Report

Found no macro
=========================================================================

=========================================================================
*                           Partition Report                            *
=========================================================================

Partition Implementation Status
-------------------------------

  No Partitions were found in this design.

-------------------------------

=========================================================================
*                            Final Report                               *
=========================================================================
Final Results
RTL Top Level Output File Name     : lab3dpath.ngr
Top Level Output File Name         : lab3dpath
Output Format                      : NGC
Optimization Goal                  : Speed
Keep Hierarchy                     : No

Design Statistics
# IOs                              : 40

Cell Usage :
# BELS                             : 45
#      GND                         : 1
#      LUT2                        : 1
#      LUT3                        : 11
#      LUT4                        : 10
#      MUXCY                       : 11
#      VCC                         : 1
#      XORCY                       : 10
# IO Buffers                       : 40
#      IBUF                        : 30
#      OBUF                        : 10
=========================================================================

Device utilization summary:
---------------------------

Selected Device : 3s100ecp132-5 

 Number of Slices:                       11  out of    960     1%  
 Number of 4 input LUTs:                 22  out of   1920     1%  
 Number of IOs:                          40
 Number of bonded IOBs:                  40  out of     83    48%  

---------------------------
Partition Resource Summary:
---------------------------

  No Partitions were found in this design.

---------------------------


=========================================================================
TIMING REPORT

NOTE: THESE TIMING NUMBERS ARE ONLY A SYNTHESIS ESTIMATE.
      FOR ACCURATE TIMING INFORMATION PLEASE REFER TO THE TRACE REPORT
      GENERATED AFTER PLACE-and-ROUTE.

Clock Information:
------------------
No clock signals found in this design

Asynchronous Control Signals Information:
----------------------------------------
No asynchronous control signals found in this design

Timing Summary:
---------------
Speed Grade: -5

   Minimum period: No path found
   Minimum input arrival time before clock: No path found
   Maximum output required time after clock: No path found
   Maximum combinational path delay: 13.196ns

Timing Detail:
--------------
All values displayed in nanoseconds (ns)

=========================================================================
Timing constraint: Default path analysis
  Total number of paths / destination ports: 7165 / 10
-------------------------------------------------------------------------
Delay:               13.196ns (Levels of Logic = 17)
  Source:            x2<9> (PAD)
  Destination:       y<9> (PAD)

  Data Path: x2<9> to y<9>
                                Gate     Net
    Cell:in->out      fanout   Delay   Delay  Logical Name (Net Name)
    ----------------------------------------  ------------
     IBUF:I->O             7   1.106   0.602  x2_9_IBUF (x2_9_IBUF)
     begin scope: 'i2'
     begin scope: 'blk00000001'
     SEC:in->out           2   4.182   0.532  sec_inst (sec_net)
     end scope: 'blk00000001'
     end scope: 'i2'
     LUT3:I0->O            1   0.612   0.509  Madd_s2C1 (Madd_s2C)
     LUT4:I0->O            1   0.612   0.000  Madd_s2_Madd_lut<2> (Madd_s2_Madd_lut<2>)
     MUXCY:S->O            1   0.404   0.000  Madd_s2_Madd_cy<2> (Madd_s2_Madd_cy<2>)
     MUXCY:CI->O           1   0.051   0.000  Madd_s2_Madd_cy<3> (Madd_s2_Madd_cy<3>)
     MUXCY:CI->O           1   0.051   0.000  Madd_s2_Madd_cy<4> (Madd_s2_Madd_cy<4>)
     MUXCY:CI->O           1   0.051   0.000  Madd_s2_Madd_cy<5> (Madd_s2_Madd_cy<5>)
     MUXCY:CI->O           1   0.051   0.000  Madd_s2_Madd_cy<6> (Madd_s2_Madd_cy<6>)
     MUXCY:CI->O           1   0.051   0.000  Madd_s2_Madd_cy<7> (Madd_s2_Madd_cy<7>)
     MUXCY:CI->O           1   0.051   0.000  Madd_s2_Madd_cy<8> (Madd_s2_Madd_cy<8>)
     MUXCY:CI->O           1   0.051   0.000  Madd_s2_Madd_cy<9> (Madd_s2_Madd_cy<9>)
     MUXCY:CI->O           0   0.051   0.000  Madd_s2_Madd_cy<10> (Madd_s2_Madd_cy<10>)
     XORCY:CI->O           1   0.699   0.357  Madd_s2_Madd_xor<11> (y_9_OBUF)
     OBUF:I->O                 3.169          y_9_OBUF (y<9>)
    ----------------------------------------
    Total                     13.196ns (11.196ns logic, 2.000ns route)
                                       (84.8% logic, 15.2% route)

=========================================================================
WARNING:Xst:616 - Invalid property "SYN_BLACK_BOX 1": Did not attach to i1.
WARNING:Xst:616 - Invalid property "SYN_NOPRUNE 1": Did not attach to i1.
WARNING:Xst:616 - Invalid property "SYN_BLACK_BOX 1": Did not attach to i2.
WARNING:Xst:616 - Invalid property "SYN_NOPRUNE 1": Did not attach to i2.
WARNING:Xst:616 - Invalid property "SYN_BLACK_BOX 1": Did not attach to i3.
WARNING:Xst:616 - Invalid property "SYN_NOPRUNE 1": Did not attach to i3.


Total REAL time to Xst completion: 14.00 secs
Total CPU time to Xst completion: 14.45 secs
 
--> 

Total memory usage is 268144 kilobytes

Number of errors   :    0 (   0 filtered)
Number of warnings :   16 (   0 filtered)
Number of infos    :    0 (   0 filtered)

