--------------------------------------------------------------------------------
Release 14.6 Trace  (nt64)
Copyright (c) 1995-2013 Xilinx, Inc.  All rights reserved.

C:\Xilinx\14.6\ISE_DS\ISE\bin\nt64\unwrapped\trce.exe -intstyle ise -v 3 -s 5
-n 3 -fastpaths -xml lab3dpath.twx lab3dpath.ncd -o lab3dpath.twr lab3dpath.pcf

Design file:              lab3dpath.ncd
Physical constraint file: lab3dpath.pcf
Device,package,speed:     xc3s100e,cp132,-5 (PRODUCTION 1.27 2013-06-08)
Report level:             verbose report

Environment Variable      Effect 
--------------------      ------ 
NONE                      No environment variables were set
--------------------------------------------------------------------------------

INFO:Timing:2698 - No timing constraints found, doing default enumeration.
INFO:Timing:3412 - To improve timing, see the Timing Closure User Guide (UG612).
INFO:Timing:2752 - To get complete path coverage, use the unconstrained paths 
   option. All paths that are not constrained will be reported in the 
   unconstrained paths section(s) of the report.
INFO:Timing:3339 - The clock-to-out numbers in this timing report are based on 
   a 50 Ohm transmission line loading model.  For the details of this model, 
   and for more information on accounting for different loading conditions, 
   please see the device datasheet.
INFO:Timing:3390 - This architecture does not support a default System Jitter 
   value, please add SYSTEM_JITTER constraint to the UCF to modify the Clock 
   Uncertainty calculation.
INFO:Timing:3389 - This architecture does not support 'Discrete Jitter' and 
   'Phase Error' calculations, these terms will be zero in the Clock 
   Uncertainty calculation.  Please make appropriate modification to 
   SYSTEM_JITTER to account for the unsupported Discrete Jitter and Phase 
   Error.



Data Sheet report:
-----------------
All values displayed in nanoseconds (ns)

Pad to Pad
---------------+---------------+---------+
Source Pad     |Destination Pad|  Delay  |
---------------+---------------+---------+
x1<0>          |y<0>           |   13.784|
x1<0>          |y<1>           |   14.268|
x1<0>          |y<2>           |   13.959|
x1<0>          |y<3>           |   14.402|
x1<0>          |y<4>           |   13.849|
x1<0>          |y<5>           |   14.196|
x1<0>          |y<6>           |   13.949|
x1<0>          |y<7>           |   14.254|
x1<0>          |y<8>           |   14.072|
x1<0>          |y<9>           |   13.940|
x1<1>          |y<0>           |   13.737|
x1<1>          |y<1>           |   14.221|
x1<1>          |y<2>           |   13.912|
x1<1>          |y<3>           |   14.355|
x1<1>          |y<4>           |   13.802|
x1<1>          |y<5>           |   14.149|
x1<1>          |y<6>           |   13.902|
x1<1>          |y<7>           |   14.207|
x1<1>          |y<8>           |   14.025|
x1<1>          |y<9>           |   13.893|
x1<2>          |y<0>           |   13.776|
x1<2>          |y<1>           |   14.260|
x1<2>          |y<2>           |   13.951|
x1<2>          |y<3>           |   14.394|
x1<2>          |y<4>           |   13.841|
x1<2>          |y<5>           |   14.188|
x1<2>          |y<6>           |   13.941|
x1<2>          |y<7>           |   14.246|
x1<2>          |y<8>           |   14.064|
x1<2>          |y<9>           |   13.932|
x1<3>          |y<0>           |   14.073|
x1<3>          |y<1>           |   14.557|
x1<3>          |y<2>           |   14.248|
x1<3>          |y<3>           |   14.691|
x1<3>          |y<4>           |   14.138|
x1<3>          |y<5>           |   14.485|
x1<3>          |y<6>           |   14.238|
x1<3>          |y<7>           |   14.543|
x1<3>          |y<8>           |   14.361|
x1<3>          |y<9>           |   14.229|
x1<4>          |y<0>           |   13.974|
x1<4>          |y<1>           |   14.458|
x1<4>          |y<2>           |   14.149|
x1<4>          |y<3>           |   14.592|
x1<4>          |y<4>           |   14.039|
x1<4>          |y<5>           |   14.386|
x1<4>          |y<6>           |   14.139|
x1<4>          |y<7>           |   14.444|
x1<4>          |y<8>           |   14.262|
x1<4>          |y<9>           |   14.130|
x1<5>          |y<0>           |   13.977|
x1<5>          |y<1>           |   14.461|
x1<5>          |y<2>           |   14.152|
x1<5>          |y<3>           |   14.595|
x1<5>          |y<4>           |   14.042|
x1<5>          |y<5>           |   14.389|
x1<5>          |y<6>           |   14.142|
x1<5>          |y<7>           |   14.447|
x1<5>          |y<8>           |   14.265|
x1<5>          |y<9>           |   14.133|
x1<6>          |y<0>           |   14.079|
x1<6>          |y<1>           |   14.563|
x1<6>          |y<2>           |   14.254|
x1<6>          |y<3>           |   14.697|
x1<6>          |y<4>           |   14.144|
x1<6>          |y<5>           |   14.491|
x1<6>          |y<6>           |   14.244|
x1<6>          |y<7>           |   14.549|
x1<6>          |y<8>           |   14.367|
x1<6>          |y<9>           |   14.235|
x1<7>          |y<0>           |   14.377|
x1<7>          |y<1>           |   14.861|
x1<7>          |y<2>           |   14.552|
x1<7>          |y<3>           |   14.995|
x1<7>          |y<4>           |   14.442|
x1<7>          |y<5>           |   14.789|
x1<7>          |y<6>           |   14.542|
x1<7>          |y<7>           |   14.847|
x1<7>          |y<8>           |   14.665|
x1<7>          |y<9>           |   14.533|
x1<8>          |y<0>           |   14.385|
x1<8>          |y<1>           |   14.869|
x1<8>          |y<2>           |   14.560|
x1<8>          |y<3>           |   15.003|
x1<8>          |y<4>           |   14.450|
x1<8>          |y<5>           |   14.797|
x1<8>          |y<6>           |   14.550|
x1<8>          |y<7>           |   14.855|
x1<8>          |y<8>           |   14.673|
x1<8>          |y<9>           |   14.541|
x1<9>          |y<0>           |   14.711|
x1<9>          |y<1>           |   15.195|
x1<9>          |y<2>           |   14.886|
x1<9>          |y<3>           |   15.475|
x1<9>          |y<4>           |   15.327|
x1<9>          |y<5>           |   15.674|
x1<9>          |y<6>           |   15.427|
x1<9>          |y<7>           |   15.756|
x1<9>          |y<8>           |   15.734|
x1<9>          |y<9>           |   15.602|
x2<0>          |y<0>           |   14.256|
x2<0>          |y<1>           |   14.740|
x2<0>          |y<2>           |   14.431|
x2<0>          |y<3>           |   14.874|
x2<0>          |y<4>           |   14.321|
x2<0>          |y<5>           |   14.668|
x2<0>          |y<6>           |   14.421|
x2<0>          |y<7>           |   14.726|
x2<0>          |y<8>           |   14.622|
x2<0>          |y<9>           |   14.490|
x2<1>          |y<0>           |   14.256|
x2<1>          |y<1>           |   14.740|
x2<1>          |y<2>           |   14.431|
x2<1>          |y<3>           |   14.874|
x2<1>          |y<4>           |   14.321|
x2<1>          |y<5>           |   14.668|
x2<1>          |y<6>           |   14.421|
x2<1>          |y<7>           |   14.726|
x2<1>          |y<8>           |   14.622|
x2<1>          |y<9>           |   14.490|
x2<2>          |y<0>           |   14.374|
x2<2>          |y<1>           |   14.858|
x2<2>          |y<2>           |   14.549|
x2<2>          |y<3>           |   14.992|
x2<2>          |y<4>           |   14.439|
x2<2>          |y<5>           |   14.786|
x2<2>          |y<6>           |   14.539|
x2<2>          |y<7>           |   14.844|
x2<2>          |y<8>           |   14.740|
x2<2>          |y<9>           |   14.608|
x2<3>          |y<0>           |   14.273|
x2<3>          |y<1>           |   14.757|
x2<3>          |y<2>           |   14.448|
x2<3>          |y<3>           |   14.891|
x2<3>          |y<4>           |   14.338|
x2<3>          |y<5>           |   14.685|
x2<3>          |y<6>           |   14.438|
x2<3>          |y<7>           |   14.743|
x2<3>          |y<8>           |   14.639|
x2<3>          |y<9>           |   14.507|
x2<4>          |y<0>           |   14.955|
x2<4>          |y<1>           |   15.439|
x2<4>          |y<2>           |   15.130|
x2<4>          |y<3>           |   15.573|
x2<4>          |y<4>           |   15.020|
x2<4>          |y<5>           |   15.367|
x2<4>          |y<6>           |   15.120|
x2<4>          |y<7>           |   15.425|
x2<4>          |y<8>           |   15.321|
x2<4>          |y<9>           |   15.189|
x2<5>          |y<0>           |   14.386|
x2<5>          |y<1>           |   14.870|
x2<5>          |y<2>           |   14.561|
x2<5>          |y<3>           |   15.004|
x2<5>          |y<4>           |   14.451|
x2<5>          |y<5>           |   14.798|
x2<5>          |y<6>           |   14.551|
x2<5>          |y<7>           |   14.856|
x2<5>          |y<8>           |   14.752|
x2<5>          |y<9>           |   14.620|
x2<6>          |y<0>           |   14.681|
x2<6>          |y<1>           |   15.165|
x2<6>          |y<2>           |   14.856|
x2<6>          |y<3>           |   15.299|
x2<6>          |y<4>           |   14.746|
x2<6>          |y<5>           |   15.093|
x2<6>          |y<6>           |   14.846|
x2<6>          |y<7>           |   15.151|
x2<6>          |y<8>           |   15.047|
x2<6>          |y<9>           |   14.915|
x2<7>          |y<0>           |   14.662|
x2<7>          |y<1>           |   15.146|
x2<7>          |y<2>           |   14.837|
x2<7>          |y<3>           |   15.280|
x2<7>          |y<4>           |   14.727|
x2<7>          |y<5>           |   15.074|
x2<7>          |y<6>           |   14.827|
x2<7>          |y<7>           |   15.132|
x2<7>          |y<8>           |   15.028|
x2<7>          |y<9>           |   14.896|
x2<8>          |y<0>           |   15.017|
x2<8>          |y<1>           |   15.501|
x2<8>          |y<2>           |   15.192|
x2<8>          |y<3>           |   15.635|
x2<8>          |y<4>           |   15.082|
x2<8>          |y<5>           |   15.429|
x2<8>          |y<6>           |   15.182|
x2<8>          |y<7>           |   15.487|
x2<8>          |y<8>           |   15.383|
x2<8>          |y<9>           |   15.251|
x2<9>          |y<0>           |   14.766|
x2<9>          |y<1>           |   15.250|
x2<9>          |y<2>           |   14.941|
x2<9>          |y<3>           |   15.384|
x2<9>          |y<4>           |   14.891|
x2<9>          |y<5>           |   15.238|
x2<9>          |y<6>           |   14.998|
x2<9>          |y<7>           |   15.454|
x2<9>          |y<8>           |   15.432|
x2<9>          |y<9>           |   15.300|
x3<0>          |y<0>           |   13.399|
x3<0>          |y<1>           |   13.883|
x3<0>          |y<2>           |   13.574|
x3<0>          |y<3>           |   14.096|
x3<0>          |y<4>           |   13.780|
x3<0>          |y<5>           |   14.127|
x3<0>          |y<6>           |   14.030|
x3<0>          |y<7>           |   14.335|
x3<0>          |y<8>           |   14.076|
x3<0>          |y<9>           |   13.944|
x3<1>          |y<0>           |   13.643|
x3<1>          |y<1>           |   14.127|
x3<1>          |y<2>           |   13.818|
x3<1>          |y<3>           |   14.340|
x3<1>          |y<4>           |   14.024|
x3<1>          |y<5>           |   14.371|
x3<1>          |y<6>           |   14.274|
x3<1>          |y<7>           |   14.579|
x3<1>          |y<8>           |   14.320|
x3<1>          |y<9>           |   14.188|
x3<2>          |y<0>           |   13.404|
x3<2>          |y<1>           |   13.888|
x3<2>          |y<2>           |   13.579|
x3<2>          |y<3>           |   14.101|
x3<2>          |y<4>           |   13.785|
x3<2>          |y<5>           |   14.132|
x3<2>          |y<6>           |   14.035|
x3<2>          |y<7>           |   14.340|
x3<2>          |y<8>           |   14.081|
x3<2>          |y<9>           |   13.949|
x3<3>          |y<0>           |   13.343|
x3<3>          |y<1>           |   13.827|
x3<3>          |y<2>           |   13.518|
x3<3>          |y<3>           |   14.040|
x3<3>          |y<4>           |   13.724|
x3<3>          |y<5>           |   14.071|
x3<3>          |y<6>           |   13.974|
x3<3>          |y<7>           |   14.279|
x3<3>          |y<8>           |   14.020|
x3<3>          |y<9>           |   13.888|
x3<4>          |y<0>           |   13.527|
x3<4>          |y<1>           |   14.011|
x3<4>          |y<2>           |   13.702|
x3<4>          |y<3>           |   14.224|
x3<4>          |y<4>           |   13.908|
x3<4>          |y<5>           |   14.255|
x3<4>          |y<6>           |   14.158|
x3<4>          |y<7>           |   14.463|
x3<4>          |y<8>           |   14.204|
x3<4>          |y<9>           |   14.072|
x3<5>          |y<0>           |   13.691|
x3<5>          |y<1>           |   14.175|
x3<5>          |y<2>           |   13.866|
x3<5>          |y<3>           |   14.388|
x3<5>          |y<4>           |   14.072|
x3<5>          |y<5>           |   14.419|
x3<5>          |y<6>           |   14.322|
x3<5>          |y<7>           |   14.627|
x3<5>          |y<8>           |   14.368|
x3<5>          |y<9>           |   14.236|
x3<6>          |y<0>           |   13.443|
x3<6>          |y<1>           |   13.927|
x3<6>          |y<2>           |   13.618|
x3<6>          |y<3>           |   14.140|
x3<6>          |y<4>           |   13.824|
x3<6>          |y<5>           |   14.171|
x3<6>          |y<6>           |   14.074|
x3<6>          |y<7>           |   14.379|
x3<6>          |y<8>           |   14.120|
x3<6>          |y<9>           |   13.988|
x3<7>          |y<0>           |   13.820|
x3<7>          |y<1>           |   14.304|
x3<7>          |y<2>           |   13.995|
x3<7>          |y<3>           |   14.517|
x3<7>          |y<4>           |   14.201|
x3<7>          |y<5>           |   14.548|
x3<7>          |y<6>           |   14.451|
x3<7>          |y<7>           |   14.756|
x3<7>          |y<8>           |   14.497|
x3<7>          |y<9>           |   14.365|
x3<8>          |y<0>           |   14.367|
x3<8>          |y<1>           |   14.851|
x3<8>          |y<2>           |   14.542|
x3<8>          |y<3>           |   15.064|
x3<8>          |y<4>           |   14.748|
x3<8>          |y<5>           |   15.095|
x3<8>          |y<6>           |   14.998|
x3<8>          |y<7>           |   15.303|
x3<8>          |y<8>           |   15.044|
x3<8>          |y<9>           |   14.912|
x3<9>          |y<0>           |   14.385|
x3<9>          |y<1>           |   14.869|
x3<9>          |y<2>           |   14.687|
x3<9>          |y<3>           |   15.281|
x3<9>          |y<4>           |   14.965|
x3<9>          |y<5>           |   15.312|
x3<9>          |y<6>           |   15.243|
x3<9>          |y<7>           |   15.548|
x3<9>          |y<8>           |   15.289|
x3<9>          |y<9>           |   15.157|
---------------+---------------+---------+


Analysis completed Mon Sep 08 15:26:32 2014 
--------------------------------------------------------------------------------

Trace Settings:
-------------------------
Trace Settings 

Peak Memory Usage: 146 MB



