Command line:
   tb_ledtimer_isim_beh.exe
     -simmode  gui
     -simrunnum  0
     -socket  56614

Fri Oct 03 00:22:09 2014


 Elaboration Time: 0.03125 sec

 Current Memory Usage: 523.907 Meg

 Total Signals          : 87
 Total Nets             : 319
 Total Signal Drivers   : 30
 Total Blocks           : 11
 Total Primitive Blocks : 9
 Total Processes        : 56
 Total Traceable Variables  : 75
 Total Scalar Nets and Variables : 1960
Total Line Count : 305

 Total Simulation Time: 116.859 sec

 Current Memory Usage: 523.928 Meg

Fri Oct 03 00:24:24 2014

