Release 14.6 Map P.68d (nt64)
Xilinx Mapping Report File for Design 'uart'

Design Information
------------------
Command Line   : map -intstyle ise -p xc3s100e-cp132-5 -cm area -ir off -pr off
-c 100 -o uart_map.ncd uart.ngd uart.pcf 
Target Device  : xc3s100e
Target Package : cp132
Target Speed   : -5
Mapper Version : spartan3e -- $Revision: 1.55 $
Mapped Date    : Mon Oct 27 23:12:30 2014

Design Summary
--------------
Number of errors:      0
Number of warnings:   25
Logic Utilization:
  Number of Slice Flip Flops:            97 out of   1,920    5%
  Number of 4 input LUTs:               122 out of   1,920    6%
Logic Distribution:
  Number of occupied Slices:             89 out of     960    9%
    Number of Slices containing only related logic:      89 out of      89 100%
    Number of Slices containing unrelated logic:          0 out of      89   0%
      *See NOTES below for an explanation of the effects of unrelated logic.
  Total Number of 4 input LUTs:         122 out of   1,920    6%
  Number of bonded IOBs:                  8 out of      83    9%
  Number of RAMB16s:                      1 out of       4   25%
  Number of BUFGMUXs:                     1 out of      24    4%

Average Fanout of Non-Clock Nets:                3.36

Peak Memory Usage:  253 MB
Total REAL time to MAP completion:  1 secs 
Total CPU time to MAP completion:   1 secs 

NOTES:

   Related logic is defined as being logic that shares connectivity - e.g. two
   LUTs are "related" if they share common inputs.  When assembling slices,
   Map gives priority to combine logic that is related.  Doing so results in
   the best timing performance.

   Unrelated logic shares no connectivity.  Map will only begin packing
   unrelated logic into a slice once 99% of the slices are occupied through
   related logic packing.

   Note that once logic distribution reaches the 99% level through related
   logic packing, this does not mean the device is completely utilized.
   Unrelated logic packing will then begin, continuing until all usable LUTs
   and FFs are occupied.  Depending on your timing budget, increased levels of
   unrelated logic packing may adversely affect the overall timing performance
   of your design.

Table of Contents
-----------------
Section 1 - Errors
Section 2 - Warnings
Section 3 - Informational
Section 4 - Removed Logic Summary
Section 5 - Removed Logic
Section 6 - IOB Properties
Section 7 - RPMs
Section 8 - Guide Report
Section 9 - Area Group and Partition Summary
Section 10 - Timing Report
Section 11 - Configuration String Information
Section 12 - Control Set Information
Section 13 - Utilization by Hierarchy

Section 1 - Errors
------------------

Section 2 - Warnings
--------------------
WARNING:PhysDesignRules:367 - The signal <fsm_IBUF> is incomplete. The signal
   does not drive any load pins in the design.
WARNING:PhysDesignRules:812 - Dangling pin <DOB2> on
   block:<out/fifo1/U0/xst_fifo_generator/gconvfifo.rf/grf.rf/gntv_or_sync_fifo.
   mem/gbm.gbmg.gbmga.ngecc.bmg/gnativebmg.native_blk_mem_gen/valid.cstr/ramloop
   [0].ram.r/s3_noinit.ram/dpram.dp36x36.ram.B>:<RAMB16_RAMB16B>.
WARNING:PhysDesignRules:812 - Dangling pin <DOB3> on
   block:<out/fifo1/U0/xst_fifo_generator/gconvfifo.rf/grf.rf/gntv_or_sync_fifo.
   mem/gbm.gbmg.gbmga.ngecc.bmg/gnativebmg.native_blk_mem_gen/valid.cstr/ramloop
   [0].ram.r/s3_noinit.ram/dpram.dp36x36.ram.B>:<RAMB16_RAMB16B>.
WARNING:PhysDesignRules:812 - Dangling pin <DOB4> on
   block:<out/fifo1/U0/xst_fifo_generator/gconvfifo.rf/grf.rf/gntv_or_sync_fifo.
   mem/gbm.gbmg.gbmga.ngecc.bmg/gnativebmg.native_blk_mem_gen/valid.cstr/ramloop
   [0].ram.r/s3_noinit.ram/dpram.dp36x36.ram.B>:<RAMB16_RAMB16B>.
WARNING:PhysDesignRules:812 - Dangling pin <DOB5> on
   block:<out/fifo1/U0/xst_fifo_generator/gconvfifo.rf/grf.rf/gntv_or_sync_fifo.
   mem/gbm.gbmg.gbmga.ngecc.bmg/gnativebmg.native_blk_mem_gen/valid.cstr/ramloop
   [0].ram.r/s3_noinit.ram/dpram.dp36x36.ram.B>:<RAMB16_RAMB16B>.
WARNING:PhysDesignRules:812 - Dangling pin <DOB6> on
   block:<out/fifo1/U0/xst_fifo_generator/gconvfifo.rf/grf.rf/gntv_or_sync_fifo.
   mem/gbm.gbmg.gbmga.ngecc.bmg/gnativebmg.native_blk_mem_gen/valid.cstr/ramloop
   [0].ram.r/s3_noinit.ram/dpram.dp36x36.ram.B>:<RAMB16_RAMB16B>.
WARNING:PhysDesignRules:812 - Dangling pin <DOB7> on
   block:<out/fifo1/U0/xst_fifo_generator/gconvfifo.rf/grf.rf/gntv_or_sync_fifo.
   mem/gbm.gbmg.gbmga.ngecc.bmg/gnativebmg.native_blk_mem_gen/valid.cstr/ramloop
   [0].ram.r/s3_noinit.ram/dpram.dp36x36.ram.B>:<RAMB16_RAMB16B>.
WARNING:PhysDesignRules:812 - Dangling pin <DOB10> on
   block:<out/fifo1/U0/xst_fifo_generator/gconvfifo.rf/grf.rf/gntv_or_sync_fifo.
   mem/gbm.gbmg.gbmga.ngecc.bmg/gnativebmg.native_blk_mem_gen/valid.cstr/ramloop
   [0].ram.r/s3_noinit.ram/dpram.dp36x36.ram.B>:<RAMB16_RAMB16B>.
WARNING:PhysDesignRules:812 - Dangling pin <DOB11> on
   block:<out/fifo1/U0/xst_fifo_generator/gconvfifo.rf/grf.rf/gntv_or_sync_fifo.
   mem/gbm.gbmg.gbmga.ngecc.bmg/gnativebmg.native_blk_mem_gen/valid.cstr/ramloop
   [0].ram.r/s3_noinit.ram/dpram.dp36x36.ram.B>:<RAMB16_RAMB16B>.
WARNING:PhysDesignRules:812 - Dangling pin <DOB12> on
   block:<out/fifo1/U0/xst_fifo_generator/gconvfifo.rf/grf.rf/gntv_or_sync_fifo.
   mem/gbm.gbmg.gbmga.ngecc.bmg/gnativebmg.native_blk_mem_gen/valid.cstr/ramloop
   [0].ram.r/s3_noinit.ram/dpram.dp36x36.ram.B>:<RAMB16_RAMB16B>.
WARNING:PhysDesignRules:812 - Dangling pin <DOB13> on
   block:<out/fifo1/U0/xst_fifo_generator/gconvfifo.rf/grf.rf/gntv_or_sync_fifo.
   mem/gbm.gbmg.gbmga.ngecc.bmg/gnativebmg.native_blk_mem_gen/valid.cstr/ramloop
   [0].ram.r/s3_noinit.ram/dpram.dp36x36.ram.B>:<RAMB16_RAMB16B>.
WARNING:PhysDesignRules:812 - Dangling pin <DOB14> on
   block:<out/fifo1/U0/xst_fifo_generator/gconvfifo.rf/grf.rf/gntv_or_sync_fifo.
   mem/gbm.gbmg.gbmga.ngecc.bmg/gnativebmg.native_blk_mem_gen/valid.cstr/ramloop
   [0].ram.r/s3_noinit.ram/dpram.dp36x36.ram.B>:<RAMB16_RAMB16B>.
WARNING:PhysDesignRules:812 - Dangling pin <DOB15> on
   block:<out/fifo1/U0/xst_fifo_generator/gconvfifo.rf/grf.rf/gntv_or_sync_fifo.
   mem/gbm.gbmg.gbmga.ngecc.bmg/gnativebmg.native_blk_mem_gen/valid.cstr/ramloop
   [0].ram.r/s3_noinit.ram/dpram.dp36x36.ram.B>:<RAMB16_RAMB16B>.
WARNING:PhysDesignRules:812 - Dangling pin <DOB18> on
   block:<out/fifo1/U0/xst_fifo_generator/gconvfifo.rf/grf.rf/gntv_or_sync_fifo.
   mem/gbm.gbmg.gbmga.ngecc.bmg/gnativebmg.native_blk_mem_gen/valid.cstr/ramloop
   [0].ram.r/s3_noinit.ram/dpram.dp36x36.ram.B>:<RAMB16_RAMB16B>.
WARNING:PhysDesignRules:812 - Dangling pin <DOB19> on
   block:<out/fifo1/U0/xst_fifo_generator/gconvfifo.rf/grf.rf/gntv_or_sync_fifo.
   mem/gbm.gbmg.gbmga.ngecc.bmg/gnativebmg.native_blk_mem_gen/valid.cstr/ramloop
   [0].ram.r/s3_noinit.ram/dpram.dp36x36.ram.B>:<RAMB16_RAMB16B>.
WARNING:PhysDesignRules:812 - Dangling pin <DOB20> on
   block:<out/fifo1/U0/xst_fifo_generator/gconvfifo.rf/grf.rf/gntv_or_sync_fifo.
   mem/gbm.gbmg.gbmga.ngecc.bmg/gnativebmg.native_blk_mem_gen/valid.cstr/ramloop
   [0].ram.r/s3_noinit.ram/dpram.dp36x36.ram.B>:<RAMB16_RAMB16B>.
WARNING:PhysDesignRules:812 - Dangling pin <DOB21> on
   block:<out/fifo1/U0/xst_fifo_generator/gconvfifo.rf/grf.rf/gntv_or_sync_fifo.
   mem/gbm.gbmg.gbmga.ngecc.bmg/gnativebmg.native_blk_mem_gen/valid.cstr/ramloop
   [0].ram.r/s3_noinit.ram/dpram.dp36x36.ram.B>:<RAMB16_RAMB16B>.
WARNING:PhysDesignRules:812 - Dangling pin <DOB22> on
   block:<out/fifo1/U0/xst_fifo_generator/gconvfifo.rf/grf.rf/gntv_or_sync_fifo.
   mem/gbm.gbmg.gbmga.ngecc.bmg/gnativebmg.native_blk_mem_gen/valid.cstr/ramloop
   [0].ram.r/s3_noinit.ram/dpram.dp36x36.ram.B>:<RAMB16_RAMB16B>.
WARNING:PhysDesignRules:812 - Dangling pin <DOB23> on
   block:<out/fifo1/U0/xst_fifo_generator/gconvfifo.rf/grf.rf/gntv_or_sync_fifo.
   mem/gbm.gbmg.gbmga.ngecc.bmg/gnativebmg.native_blk_mem_gen/valid.cstr/ramloop
   [0].ram.r/s3_noinit.ram/dpram.dp36x36.ram.B>:<RAMB16_RAMB16B>.
WARNING:PhysDesignRules:812 - Dangling pin <DOB26> on
   block:<out/fifo1/U0/xst_fifo_generator/gconvfifo.rf/grf.rf/gntv_or_sync_fifo.
   mem/gbm.gbmg.gbmga.ngecc.bmg/gnativebmg.native_blk_mem_gen/valid.cstr/ramloop
   [0].ram.r/s3_noinit.ram/dpram.dp36x36.ram.B>:<RAMB16_RAMB16B>.
WARNING:PhysDesignRules:812 - Dangling pin <DOB27> on
   block:<out/fifo1/U0/xst_fifo_generator/gconvfifo.rf/grf.rf/gntv_or_sync_fifo.
   mem/gbm.gbmg.gbmga.ngecc.bmg/gnativebmg.native_blk_mem_gen/valid.cstr/ramloop
   [0].ram.r/s3_noinit.ram/dpram.dp36x36.ram.B>:<RAMB16_RAMB16B>.
WARNING:PhysDesignRules:812 - Dangling pin <DOB28> on
   block:<out/fifo1/U0/xst_fifo_generator/gconvfifo.rf/grf.rf/gntv_or_sync_fifo.
   mem/gbm.gbmg.gbmga.ngecc.bmg/gnativebmg.native_blk_mem_gen/valid.cstr/ramloop
   [0].ram.r/s3_noinit.ram/dpram.dp36x36.ram.B>:<RAMB16_RAMB16B>.
WARNING:PhysDesignRules:812 - Dangling pin <DOB29> on
   block:<out/fifo1/U0/xst_fifo_generator/gconvfifo.rf/grf.rf/gntv_or_sync_fifo.
   mem/gbm.gbmg.gbmga.ngecc.bmg/gnativebmg.native_blk_mem_gen/valid.cstr/ramloop
   [0].ram.r/s3_noinit.ram/dpram.dp36x36.ram.B>:<RAMB16_RAMB16B>.
WARNING:PhysDesignRules:812 - Dangling pin <DOB30> on
   block:<out/fifo1/U0/xst_fifo_generator/gconvfifo.rf/grf.rf/gntv_or_sync_fifo.
   mem/gbm.gbmg.gbmga.ngecc.bmg/gnativebmg.native_blk_mem_gen/valid.cstr/ramloop
   [0].ram.r/s3_noinit.ram/dpram.dp36x36.ram.B>:<RAMB16_RAMB16B>.
WARNING:PhysDesignRules:812 - Dangling pin <DOB31> on
   block:<out/fifo1/U0/xst_fifo_generator/gconvfifo.rf/grf.rf/gntv_or_sync_fifo.
   mem/gbm.gbmg.gbmga.ngecc.bmg/gnativebmg.native_blk_mem_gen/valid.cstr/ramloop
   [0].ram.r/s3_noinit.ram/dpram.dp36x36.ram.B>:<RAMB16_RAMB16B>.

Section 3 - Informational
-------------------------
INFO:LIT:243 - Logical network fsm_IBUF has no load.
INFO:LIT:395 - The above info message is repeated 10 more times for the
   following (max. 5 shown):
   out/fifo1/U0/xst_fifo_generator/gconvfifo.rf/grf.rf/gntv_or_sync_fifo.gl0.wr/
   gwss.wsts/ram_full_i,
   in/fifo1/dout<8>,
   in/fifo1/dout<7>,
   in/fifo1/dout<6>,
   in/fifo1/dout<5>
   To see the details of these info messages, please use the -detail switch.
INFO:MapLib:562 - No environment variables are currently set.
INFO:LIT:244 - All of the single ended outputs in this design are using slew
   rate limited output drivers. The delay on speed critical single ended outputs
   can be dramatically reduced by designating them as fast outputs.

Section 4 - Removed Logic Summary
---------------------------------
  63 block(s) removed
  23 block(s) optimized away
  75 signal(s) removed

Section 5 - Removed Logic
-------------------------

The trimmed logic report below shows the logic removed from your design due to
sourceless or loadless signals, and VCC or ground connections.  If the removal
of a signal or symbol results in the subsequent removal of an additional signal
or symbol, the message explaining that second removal will be indented.  This
indentation will be repeated as a chain of related logic is removed.

To quickly locate the original cause for the removal of a chain of logic, look
above the place where that logic is listed in the trimming report, then locate
the lines that are least indented (begin at the leftmost edge).

The signal "in/Mshreg_in_two/CE" is sourceless and has been removed.
The signal
"out/fifo1/U0/xst_fifo_generator/gconvfifo.rf/grf.rf/gntv_or_sync_fifo.gl0.wr/gw
ss.wsts/ram_full_i" is sourceless and has been removed.
The signal
"out/fifo1/U0/xst_fifo_generator/gconvfifo.rf/grf.rf/rstblk/wr_rst_reg<1>" is
sourceless and has been removed.
 Sourceless block
"out/fifo1/U0/xst_fifo_generator/gconvfifo.rf/grf.rf/gntv_or_sync_fifo.gl0.wr/wp
ntr/count_0" (FF) removed.
  The signal
"out/fifo1/U0/xst_fifo_generator/gconvfifo.rf/grf.rf/gntv_or_sync_fifo.gl0.wr/wp
ntr/count<0>" is sourceless and has been removed.
   Sourceless block
"out/fifo1/U0/xst_fifo_generator/gconvfifo.rf/grf.rf/gntv_or_sync_fifo.gl0.wr/wp
ntr/Mcount_count_xor<1>11" (ROM) removed.
    The signal "out/fifo1/Result<1>1" is sourceless and has been removed.
     Sourceless block
"out/fifo1/U0/xst_fifo_generator/gconvfifo.rf/grf.rf/gntv_or_sync_fifo.gl0.wr/wp
ntr/count_1" (FF) removed.
      The signal
"out/fifo1/U0/xst_fifo_generator/gconvfifo.rf/grf.rf/gntv_or_sync_fifo.gl0.wr/wp
ntr/count<1>" is sourceless and has been removed.
       Sourceless block
"out/fifo1/U0/xst_fifo_generator/gconvfifo.rf/grf.rf/gntv_or_sync_fifo.gl0.wr/wp
ntr/Mcount_count_xor<2>11" (ROM) removed.
        The signal "out/fifo1/Result<2>1" is sourceless and has been removed.
         Sourceless block
"out/fifo1/U0/xst_fifo_generator/gconvfifo.rf/grf.rf/gntv_or_sync_fifo.gl0.wr/wp
ntr/count_2" (FF) removed.
          The signal
"out/fifo1/U0/xst_fifo_generator/gconvfifo.rf/grf.rf/gntv_or_sync_fifo.gl0.wr/wp
ntr/count<2>" is sourceless and has been removed.
           Sourceless block
"out/fifo1/U0/xst_fifo_generator/gconvfifo.rf/grf.rf/gntv_or_sync_fifo.gl0.wr/wp
ntr/Mcount_count_xor<3>11" (ROM) removed.
            The signal "out/fifo1/Result<3>1" is sourceless and has been removed.
             Sourceless block
"out/fifo1/U0/xst_fifo_generator/gconvfifo.rf/grf.rf/gntv_or_sync_fifo.gl0.wr/wp
ntr/count_3" (FF) removed.
              The signal
"out/fifo1/U0/xst_fifo_generator/gconvfifo.rf/grf.rf/gntv_or_sync_fifo.gl0.wr/wp
ntr/count<3>" is sourceless and has been removed.
               Sourceless block
"out/fifo1/U0/xst_fifo_generator/gconvfifo.rf/grf.rf/gntv_or_sync_fifo.gl0.wr/gw
ss.wsts/ram_full_comb67" (ROM) removed.
                The signal
"out/fifo1/U0/xst_fifo_generator/gconvfifo.rf/grf.rf/gntv_or_sync_fifo.gl0.wr/gw
ss.wsts/ram_full_comb67" is sourceless and has been removed.
                 Sourceless block
"out/fifo1/U0/xst_fifo_generator/gconvfifo.rf/grf.rf/gntv_or_sync_fifo.gl0.wr/gw
ss.wsts/ram_full_comb84_SW0" (ROM) removed.
                  The signal
"out/fifo1/U0/xst_fifo_generator/gconvfifo.rf/grf.rf/gntv_or_sync_fifo.gl0.wr/gw
ss.wsts/ram_full_comb84_SW0/O" is sourceless and has been removed.
                   Sourceless block
"out/fifo1/U0/xst_fifo_generator/gconvfifo.rf/grf.rf/gntv_or_sync_fifo.gl0.wr/gw
ss.wsts/ram_full_comb84_SW0/LUT4_L_BUF" (BUF) removed.
                    The signal "out/fifo1/N2" is sourceless and has been removed.
                     Sourceless block
"out/fifo1/U0/xst_fifo_generator/gconvfifo.rf/grf.rf/gntv_or_sync_fifo.gl0.wr/gw
ss.wsts/ram_full_comb97" (ROM) removed.
                      The signal
"out/fifo1/U0/xst_fifo_generator/gconvfifo.rf/grf.rf/gntv_or_sync_fifo.gl0.wr/gw
ss.wsts/ram_full_comb" is sourceless and has been removed.
                       Sourceless block
"out/fifo1/U0/xst_fifo_generator/gconvfifo.rf/grf.rf/gntv_or_sync_fifo.gl0.wr/gw
ss.wsts/ram_full_fb_i" (FF) removed.
                        The signal
"out/fifo1/U0/xst_fifo_generator/gconvfifo.rf/grf.rf/gntv_or_sync_fifo.gl0.wr/gw
ss.wsts/ram_full_fb_i" is sourceless and has been removed.
                         Sourceless block
"out/fifo1/U0/xst_fifo_generator/gconvfifo.rf/grf.rf/gntv_or_sync_fifo.gl0.wr/gw
ss.wsts/ram_full_comb5" (ROM) removed.
                          The signal
"out/fifo1/U0/xst_fifo_generator/gconvfifo.rf/grf.rf/gntv_or_sync_fifo.gl0.wr/gw
ss.wsts/ram_full_comb5" is sourceless and has been removed.
                         Sourceless block
"out/fifo1/U0/xst_fifo_generator/gconvfifo.rf/grf.rf/gntv_or_sync_fifo.gl0.wr/gw
ss.wsts/ram_full_comb40" (ROM) removed.
                          The signal
"out/fifo1/U0/xst_fifo_generator/gconvfifo.rf/grf.rf/gntv_or_sync_fifo.gl0.wr/gw
ss.wsts/ram_full_comb40" is sourceless and has been removed.
                       Sourceless block
"out/fifo1/U0/xst_fifo_generator/gconvfifo.rf/grf.rf/gntv_or_sync_fifo.gl0.wr/gw
ss.wsts/ram_full_i" (FF) removed.
   Sourceless block
"out/fifo1/U0/xst_fifo_generator/gconvfifo.rf/grf.rf/gntv_or_sync_fifo.gl0.wr/wp
ntr/Mcount_count_xor<0>11_INV_0" (BUF) removed.
    The signal "out/fifo1/Result<0>1" is sourceless and has been removed.
The signal "out/fifo1/U0/xst_fifo_generator/gconvfifo.rf/grf.rf/rstblk/rst_d2"
is sourceless and has been removed.
 Sourceless block
"out/fifo1/U0/xst_fifo_generator/gconvfifo.rf/grf.rf/rstblk/rst_d3" (FF)
removed.
  The signal "out/fifo1/U0/xst_fifo_generator/gconvfifo.rf/grf.rf/rstblk/rst_d3"
is sourceless and has been removed.
   Sourceless block
"out/fifo1/U0/xst_fifo_generator/gconvfifo.rf/grf.rf/rstblk/RST_FULL_GEN" (FF)
removed.
    The signal
"out/fifo1/U0/xst_fifo_generator/gconvfifo.rf/grf.rf/rstblk/RST_FULL_GEN" is
sourceless and has been removed.
The signal
"out/fifo1/U0/xst_fifo_generator/gconvfifo.rf/grf.rf/rstblk/wr_rst_asreg_d1" is
sourceless and has been removed.
 Sourceless block
"out/fifo1/U0/xst_fifo_generator/gconvfifo.rf/grf.rf/rstblk/wr_rst_asreg_d2"
(FF) removed.
  The signal
"out/fifo1/U0/xst_fifo_generator/gconvfifo.rf/grf.rf/rstblk/wr_rst_asreg_d2" is
sourceless and has been removed.
   Sourceless block
"out/fifo1/U0/xst_fifo_generator/gconvfifo.rf/grf.rf/rstblk/wr_rst_comb1" (ROM)
removed.
    The signal
"out/fifo1/U0/xst_fifo_generator/gconvfifo.rf/grf.rf/rstblk/wr_rst_comb" is
sourceless and has been removed.
     Sourceless block
"out/fifo1/U0/xst_fifo_generator/gconvfifo.rf/grf.rf/rstblk/wr_rst_reg_1" (FF)
removed.
 Sourceless block
"out/fifo1/U0/xst_fifo_generator/gconvfifo.rf/grf.rf/rstblk/wr_rst_asreg" (FF)
removed.
  The signal
"out/fifo1/U0/xst_fifo_generator/gconvfifo.rf/grf.rf/rstblk/wr_rst_asreg" is
sourceless and has been removed.
   Sourceless block
"out/fifo1/U0/xst_fifo_generator/gconvfifo.rf/grf.rf/rstblk/wr_rst_asreg_d1"
(FF) removed.
The signal "out/fifo1/U0/xst_fifo_generator/gconvfifo.rf/grf.rf/rstblk/rst_d1"
is sourceless and has been removed.
 Sourceless block
"out/fifo1/U0/xst_fifo_generator/gconvfifo.rf/grf.rf/rstblk/rst_d2" (FF)
removed.
The signal "out/fifo1/N8" is sourceless and has been removed.
The signal "out/fifo1/N6" is sourceless and has been removed.
 Sourceless block
"out/fifo1/U0/xst_fifo_generator/gconvfifo.rf/grf.rf/gntv_or_sync_fifo.gl0.rd/gr
ss.rsts/ram_empty_fb_i_or00003168" (ROM) removed.
The signal
"out/fifo1/U0/xst_fifo_generator/gconvfifo.rf/grf.rf/gntv_or_sync_fifo.gl0.rd/gr
ss.rsts/ram_empty_fb_i_or00003168_SW0/O" is sourceless and has been removed.
The signal "in/fifo1/dout<8>" is sourceless and has been removed.
The signal "in/fifo1/dout<7>" is sourceless and has been removed.
The signal "in/fifo1/dout<6>" is sourceless and has been removed.
The signal "in/fifo1/dout<5>" is sourceless and has been removed.
The signal "in/fifo1/dout<4>" is sourceless and has been removed.
The signal "in/fifo1/dout<3>" is sourceless and has been removed.
The signal "in/fifo1/dout<2>" is sourceless and has been removed.
The signal "in/fifo1/dout<1>" is sourceless and has been removed.
The signal "in/fifo1/dout<0>" is sourceless and has been removed.
The signal "in/fifo1/N0" is sourceless and has been removed.
The signal "in/fifo1/U0/xst_fifo_generator/gconvfifo.rf/grf.rf/ram_rd_en" is
sourceless and has been removed.
 Sourceless block
"in/fifo1/U0/xst_fifo_generator/gconvfifo.rf/grf.rf/gntv_or_sync_fifo.gl0.rd/rpn
tr/count_3" (SFF) removed.
  The signal
"in/fifo1/U0/xst_fifo_generator/gconvfifo.rf/grf.rf/gntv_or_sync_fifo.gl0.rd/rpn
tr/count<3>" is sourceless and has been removed.
   Sourceless block
"in/fifo1/U0/xst_fifo_generator/gconvfifo.rf/grf.rf/gntv_or_sync_fifo.gl0.rd/rpn
tr/Mcount_count_xor<3>11" (ROM) removed.
    The signal "in/fifo1/Result<3>1" is sourceless and has been removed.
   Sourceless block
"in/fifo1/U0/xst_fifo_generator/gconvfifo.rf/grf.rf/gntv_or_sync_fifo.gl0.rd/grs
s.rsts/ram_empty_fb_i_mux000056" (ROM) removed.
    The signal
"in/fifo1/U0/xst_fifo_generator/gconvfifo.rf/grf.rf/gntv_or_sync_fifo.gl0.rd/grs
s.rsts/ram_empty_fb_i_mux000056" is sourceless and has been removed.
The signal "in/fifo1/Result<0>1" is sourceless and has been removed.
The signal "in/fifo1/Result<1>1" is sourceless and has been removed.
The signal "in/fifo1/Result<2>1" is sourceless and has been removed.
The signal
"in/fifo1/U0/xst_fifo_generator/gconvfifo.rf/grf.rf/gntv_or_sync_fifo.mem/tmp_ra
m_rd_en" is sourceless and has been removed.
The signal "in/fifo1/N9" is sourceless and has been removed.

The trimmed logic reported below is either:
   1. part of a cycle
   2. part of disabled logic
   3. a side-effect of other trimmed logic

The signal "N27" is unused and has been removed.
 Unused block "in/loaded_mux0000_SW0" (ROM) removed.
The signal "in/Mshreg_in_two" is unused and has been removed.
The signal "in/frame_error<0>" is unused and has been removed.
 Unused block "in/frame_error_0" (FF) removed.
  The signal "in/shift<1>" is unused and has been removed.
   Unused block "in/shift_1" (FF) removed.
    The signal "in/ld_shift" is unused and has been removed.
     Unused block "in/ld_shift" (ROM) removed.
      The signal "in/loaded" is unused and has been removed.
       Unused block "in/loaded" (FF) removed.
        The signal "in/loaded_not0001" is unused and has been removed.
         Unused block "in/loaded_not00011" (ROM) removed.
          The signal "in/load" is unused and has been removed.
           Unused block "in/load" (FF) removed.
    The signal "in/shift<2>" is unused and has been removed.
     Unused block "in/shift_2" (FF) removed.
      The signal "in/shift<3>" is unused and has been removed.
       Unused block "in/shift_3" (FF) removed.
        The signal "in/shift<4>" is unused and has been removed.
         Unused block "in/shift_4" (FF) removed.
          The signal "in/shift<5>" is unused and has been removed.
           Unused block "in/shift_5" (FF) removed.
            The signal "in/shift<6>" is unused and has been removed.
             Unused block "in/shift_6" (FF) removed.
              The signal "in/shift<7>" is unused and has been removed.
               Unused block "in/shift_7" (FF) removed.
                The signal "in/shift<8>" is unused and has been removed.
                 Unused block "in/shift_8" (FF) removed.
                  The signal "in/shift<9>" is unused and has been removed.
                   Unused block "in/shift_9" (FF) removed.
                    The signal "in/in_two" is unused and has been removed.
                     Unused block "in/in_two" (FF) removed.
The signal "in/frame_error<1>" is unused and has been removed.
 Unused block "in/frame_error_1" (FF) removed.
The signal "in/frame_error<2>" is unused and has been removed.
 Unused block "in/frame_error_2" (FF) removed.
The signal "in/frame_error<3>" is unused and has been removed.
 Unused block "in/frame_error_3" (FF) removed.
The signal "in/frame_error<4>" is unused and has been removed.
 Unused block "in/frame_error_4" (FF) removed.
The signal "in/frame_error<5>" is unused and has been removed.
 Unused block "in/frame_error_5" (FF) removed.
The signal "in/frame_error<6>" is unused and has been removed.
 Unused block "in/frame_error_6" (FF) removed.
The signal "in/frame_error<7>" is unused and has been removed.
 Unused block "in/frame_error_7" (FF) removed.
The signal "in/frame_error<8>" is unused and has been removed.
 Unused block "in/frame_error_8" (FF) removed.
  The signal "in/frame_error_8_or0000" is unused and has been removed.
   Unused block "in/frame_error_8_or00001" (ROM) removed.
    The signal "in/shift<0>" is unused and has been removed.
     Unused block "in/shift_0" (FF) removed.
Unused block "in/Mshreg_in_two/SRL16E" (SRLC16E) removed.
Unused block "in/Mshreg_in_two/VCC" (ONE) removed.
Unused block
"in/fifo1/U0/xst_fifo_generator/gconvfifo.rf/grf.rf/gntv_or_sync_fifo.gl0.rd/grs
s.rsts/ram_empty_fb_i_mux000073_SW0" (ROM) removed.
Unused block
"in/fifo1/U0/xst_fifo_generator/gconvfifo.rf/grf.rf/gntv_or_sync_fifo.mem/gbm.gb
mg.gbmga.ngecc.bmg/gnativebmg.native_blk_mem_gen/valid.cstr/ramloop[0].ram.r/s3_
noinit.ram/dpram.dp36x36.ram" (RAMB16_S36_S36) removed.
Unused block
"in/fifo1/U0/xst_fifo_generator/gconvfifo.rf/grf.rf/gntv_or_sync_fifo.mem/tmp_ra
m_rd_en1" (ROM) removed.
Unused block "in/fifo1/XST_GND" (ZERO) removed.
Unused block
"out/fifo1/U0/xst_fifo_generator/gconvfifo.rf/grf.rf/gntv_or_sync_fifo.gl0.rd/gr
ss.rsts/ram_empty_fb_i_or00003168_SW0" (ROM) removed.
Unused block
"out/fifo1/U0/xst_fifo_generator/gconvfifo.rf/grf.rf/gntv_or_sync_fifo.gl0.rd/gr
ss.rsts/ram_empty_fb_i_or00003168_SW1" (ROM) removed.
Unused block "out/fifo1/U0/xst_fifo_generator/gconvfifo.rf/grf.rf/rstblk/rst_d1"
(FF) removed.

Optimized Block(s):
TYPE 		BLOCK
GND 		XST_GND
VCC 		XST_VCC
LUT3_L
		in/fifo1/U0/xst_fifo_generator/gconvfifo.rf/grf.rf/gntv_or_sync_fifo.gl0.rd/gr
ss.rsts/ram_empty_fb_i_mux000029
   optimized to 0
LOCALBUF
		in/fifo1/U0/xst_fifo_generator/gconvfifo.rf/grf.rf/gntv_or_sync_fifo.gl0.rd/gr
ss.rsts/ram_empty_fb_i_mux000029/LUT3_L_BUF
LUT3
		in/fifo1/U0/xst_fifo_generator/gconvfifo.rf/grf.rf/gntv_or_sync_fifo.gl0.rd/gr
ss.rsts/ram_empty_fb_i_mux000073
   optimized to 0
LUT2
		in/fifo1/U0/xst_fifo_generator/gconvfifo.rf/grf.rf/gntv_or_sync_fifo.gl0.rd/ra
m_rd_en_i1
   optimized to 0
INV
		in/fifo1/U0/xst_fifo_generator/gconvfifo.rf/grf.rf/gntv_or_sync_fifo.gl0.rd/rp
ntr/Mcount_count_xor<0>11_INV_0
LUT2
		in/fifo1/U0/xst_fifo_generator/gconvfifo.rf/grf.rf/gntv_or_sync_fifo.gl0.rd/rp
ntr/Mcount_count_xor<1>11
   optimized to 1
LUT3
		in/fifo1/U0/xst_fifo_generator/gconvfifo.rf/grf.rf/gntv_or_sync_fifo.gl0.rd/rp
ntr/Mcount_count_xor<2>11
   optimized to 0
FDSE
		in/fifo1/U0/xst_fifo_generator/gconvfifo.rf/grf.rf/gntv_or_sync_fifo.gl0.rd/rp
ntr/count_0
   optimized to 1
FDRE
		in/fifo1/U0/xst_fifo_generator/gconvfifo.rf/grf.rf/gntv_or_sync_fifo.gl0.rd/rp
ntr/count_1
   optimized to 0
FDRE
		in/fifo1/U0/xst_fifo_generator/gconvfifo.rf/grf.rf/gntv_or_sync_fifo.gl0.rd/rp
ntr/count_2
   optimized to 0
FDRE
		in/fifo1/U0/xst_fifo_generator/gconvfifo.rf/grf.rf/gntv_or_sync_fifo.gl0.rd/rp
ntr/count_d1_0
   optimized to 0
FDRE
		in/fifo1/U0/xst_fifo_generator/gconvfifo.rf/grf.rf/gntv_or_sync_fifo.gl0.rd/rp
ntr/count_d1_1
   optimized to 0
FDRE
		in/fifo1/U0/xst_fifo_generator/gconvfifo.rf/grf.rf/gntv_or_sync_fifo.gl0.rd/rp
ntr/count_d1_2
   optimized to 0
FDRE
		in/fifo1/U0/xst_fifo_generator/gconvfifo.rf/grf.rf/gntv_or_sync_fifo.gl0.rd/rp
ntr/count_d1_3
   optimized to 0
LUT4
		in/fifo1/U0/xst_fifo_generator/gconvfifo.rf/grf.rf/gntv_or_sync_fifo.gl0.wr/gw
ss.wsts/ram_full_i_mux00005_SW0
   optimized to 1
LUT2
		out/fifo1/U0/xst_fifo_generator/gconvfifo.rf/grf.rf/gntv_or_sync_fifo.gl0.wr/r
am_wr_en_i1
   optimized to 0
FDCE
		out/fifo1/U0/xst_fifo_generator/gconvfifo.rf/grf.rf/gntv_or_sync_fifo.gl0.wr/w
pntr/count_d1_0
   optimized to 0
FDCE
		out/fifo1/U0/xst_fifo_generator/gconvfifo.rf/grf.rf/gntv_or_sync_fifo.gl0.wr/w
pntr/count_d1_1
   optimized to 0
FDCE
		out/fifo1/U0/xst_fifo_generator/gconvfifo.rf/grf.rf/gntv_or_sync_fifo.gl0.wr/w
pntr/count_d1_2
   optimized to 0
FDCE
		out/fifo1/U0/xst_fifo_generator/gconvfifo.rf/grf.rf/gntv_or_sync_fifo.gl0.wr/w
pntr/count_d1_3
   optimized to 0
GND 		out/fifo1/XST_GND

To enable printing of redundant blocks removed and signals merged, set the
detailed map report option and rerun map.

Section 6 - IOB Properties
--------------------------

+---------------------------------------------------------------------------------------------------------------------------------------------------------+
| IOB Name                           | Type             | Direction | IO Standard          | Diff  | Drive    | Slew | Reg (s)      | Resistor | IOB      |
|                                    |                  |           |                      | Term  | Strength | Rate |              |          | Delay    |
+---------------------------------------------------------------------------------------------------------------------------------------------------------+
| Led<0>                             | IOB              | OUTPUT    | LVCMOS25             |       | 12       | SLOW |              |          | 0 / 0    |
| Led<1>                             | IOB              | OUTPUT    | LVCMOS25             |       | 12       | SLOW |              |          | 0 / 0    |
| Led<2>                             | IOB              | OUTPUT    | LVCMOS25             |       | 12       | SLOW |              |          | 0 / 0    |
| clk                                | IBUF             | INPUT     | LVCMOS25             |       |          |      |              |          | 0 / 0    |
| fsm                                | IBUF             | INPUT     | LVCMOS25             |       |          |      |              |          | 0 / 0    |
| reset                              | IBUF             | INPUT     | LVCMOS25             |       |          |      |              |          | 0 / 0    |
| rx                                 | IBUF             | INPUT     | LVCMOS25             |       |          |      |              |          | 0 / 0    |
| tx                                 | IOB              | OUTPUT    | LVCMOS25             |       | 12       | SLOW |              |          | 0 / 0    |
+---------------------------------------------------------------------------------------------------------------------------------------------------------+

Section 7 - RPMs
----------------

Section 8 - Guide Report
------------------------
Guide not run on this design.

Section 9 - Area Group and Partition Summary
--------------------------------------------

Partition Implementation Status
-------------------------------

  No Partitions were found in this design.

-------------------------------

Area Group Information
----------------------

  No area groups were found in this design.

----------------------

Section 10 - Timing Report
--------------------------
This design was not run using timing mode.

Section 11 - Configuration String Details
-----------------------------------------
Use the "-detail" map option to print out Configuration Strings

Section 12 - Control Set Information
------------------------------------
No control set information for this architecture.

Section 13 - Utilization by Hierarchy
-------------------------------------
Use the "-detail" map option to print out the Utilization by Hierarchy section.
