Command line:
   spi_bonus_isim_beh.exe
     -simmode  gui
     -simrunnum  0
     -socket  50077

Fri Nov 28 14:20:37 2014


 Elaboration Time: 0.03125 sec

 Current Memory Usage: 528.155 Meg

 Total Signals          : 1078
 Total Nets             : 3860
 Total Signal Drivers   : 241
 Total Blocks           : 18
 Total Primitive Blocks : 7
 Total Processes        : 351
 Total Traceable Variables  : 1079
 Total Scalar Nets and Variables : 31910
Total Line Count : 1087

 Total Simulation Time: 0.03125 sec

 Current Memory Usage: 528.171 Meg

Fri Nov 28 14:20:53 2014

